[ 2015-08-10T15:50:19+08:00 ] 127.0.0.1 /randomArticle
INFO: [ app_begin ] --START--
INFO: ReadHtmlCache Behavior ::run [ RunTime:0.000000s ]
INFO: [ app_begin ] --END-- [ RunTime:0.002000s ]
NOTIC: [8192] mysql_connect(): The mysql extension is deprecated and will be removed in the future: use mysqli or PDO instead E:\huasuhui\GRProject\blog\ThinkPHP\Lib\Driver\Db\DbMysql.class.php 第 55 行.
SQL: SHOW COLUMNS FROM `wl_article` [ RunTime:0.004001s ]
NOTIC: [8192] preg_replace(): The /e modifier is deprecated, use preg_replace_callback instead E:\huasuhui\GRProject\blog\ThinkPHP\Lib\Core\Db.class.php 第 605 行.
SQL: SELECT COUNT(*) AS tp_count FROM `wl_article` LIMIT 1   [ RunTime:0.000000s ]
SQL: select a.id, a.title, a.create_date, b.name as catename, c.nickname, d.tag_name
from wl_article a
left join wl_cate b on a.cid = b.id
left join wl_user c on a.user_id = c.id
left join wl_article_tag d on a.id = d.article_id 
limit 2 , 5 [ RunTime:0.000000s ]

[ 2015-08-10T15:50:47+08:00 ] 127.0.0.1 /randomArticle
INFO: [ app_begin ] --START--
INFO: ReadHtmlCache Behavior ::run [ RunTime:0.000000s ]
INFO: [ app_begin ] --END-- [ RunTime:0.001000s ]
NOTIC: [8192] mysql_connect(): The mysql extension is deprecated and will be removed in the future: use mysqli or PDO instead E:\huasuhui\GRProject\blog\ThinkPHP\Lib\Driver\Db\DbMysql.class.php 第 55 行.
SQL: SHOW COLUMNS FROM `wl_article` [ RunTime:0.003001s ]
NOTIC: [8192] preg_replace(): The /e modifier is deprecated, use preg_replace_callback instead E:\huasuhui\GRProject\blog\ThinkPHP\Lib\Core\Db.class.php 第 605 行.
SQL: SELECT COUNT(*) AS tp_count FROM `wl_article` LIMIT 1   [ RunTime:0.000000s ]
SQL: select a.id, a.title, a.create_date, b.name as catename, c.nickname, d.tag_name
from wl_article a
left join wl_cate b on a.cid = b.id
left join wl_user c on a.user_id = c.id
left join wl_article_tag d on a.id = d.article_id 
limit 0 , 5 [ RunTime:0.000000s ]

[ 2015-08-10T15:50:53+08:00 ] 127.0.0.1 /randomArticle
INFO: [ app_begin ] --START--
INFO: ReadHtmlCache Behavior ::run [ RunTime:0.001000s ]
INFO: [ app_begin ] --END-- [ RunTime:0.001000s ]
NOTIC: [8192] mysql_connect(): The mysql extension is deprecated and will be removed in the future: use mysqli or PDO instead E:\huasuhui\GRProject\blog\ThinkPHP\Lib\Driver\Db\DbMysql.class.php 第 55 行.
SQL: SHOW COLUMNS FROM `wl_article` [ RunTime:0.003001s ]
NOTIC: [8192] preg_replace(): The /e modifier is deprecated, use preg_replace_callback instead E:\huasuhui\GRProject\blog\ThinkPHP\Lib\Core\Db.class.php 第 605 行.
SQL: SELECT COUNT(*) AS tp_count FROM `wl_article` LIMIT 1   [ RunTime:0.000000s ]
SQL: select a.id, a.title, a.create_date, b.name as catename, c.nickname, d.tag_name
from wl_article a
left join wl_cate b on a.cid = b.id
left join wl_user c on a.user_id = c.id
left join wl_article_tag d on a.id = d.article_id 
limit 4 , 5 [ RunTime:0.000000s ]

[ 2015-08-10T15:52:16+08:00 ] 127.0.0.1 /randomArticle
INFO: [ app_begin ] --START--
INFO: ReadHtmlCache Behavior ::run [ RunTime:0.001000s ]
INFO: [ app_begin ] --END-- [ RunTime:0.001000s ]
NOTIC: [8192] mysql_connect(): The mysql extension is deprecated and will be removed in the future: use mysqli or PDO instead E:\huasuhui\GRProject\blog\ThinkPHP\Lib\Driver\Db\DbMysql.class.php 第 55 行.
SQL: SHOW COLUMNS FROM `wl_article` [ RunTime:0.002000s ]
NOTIC: [8192] preg_replace(): The /e modifier is deprecated, use preg_replace_callback instead E:\huasuhui\GRProject\blog\ThinkPHP\Lib\Core\Db.class.php 第 605 行.
SQL: SELECT COUNT(*) AS tp_count FROM `wl_article` LIMIT 1   [ RunTime:0.000000s ]
SQL: select a.id, a.title, a.create_date, b.name as catename, c.nickname, d.tag_name
from wl_article a
left join wl_cate b on a.cid = b.id
left join wl_user c on a.user_id = c.id
left join wl_article_tag d on a.id = d.article_id 
limit 15 , 5 [ RunTime:0.000000s ]

[ 2015-08-10T16:45:05+08:00 ] 127.0.0.1 /randomArticle
INFO: [ app_begin ] --START--
INFO: ReadHtmlCache Behavior ::run [ RunTime:0.001000s ]
INFO: [ app_begin ] --END-- [ RunTime:0.001000s ]
NOTIC: [8192] mysql_connect(): The mysql extension is deprecated and will be removed in the future: use mysqli or PDO instead E:\huasuhui\GRProject\blog\ThinkPHP\Lib\Driver\Db\DbMysql.class.php 第 55 行.
SQL: SHOW COLUMNS FROM `wl_article` [ RunTime:0.003001s ]
NOTIC: [8192] preg_replace(): The /e modifier is deprecated, use preg_replace_callback instead E:\huasuhui\GRProject\blog\ThinkPHP\Lib\Core\Db.class.php 第 605 行.
SQL: SELECT COUNT(*) AS tp_count FROM `wl_article` LIMIT 1   [ RunTime:0.001000s ]
SQL: select a.id, a.title, a.create_date, b.name as catename, c.nickname, d.tag_name
from wl_article a
left join wl_cate b on a.cid = b.id
left join wl_user c on a.user_id = c.id
left join wl_article_tag d on a.id = d.article_id 
limit 17 , 5 [ RunTime:0.000000s ]

[ 2015-08-10T16:45:14+08:00 ] 127.0.0.1 /randomArticle
INFO: [ app_begin ] --START--
INFO: ReadHtmlCache Behavior ::run [ RunTime:0.001001s ]
INFO: [ app_begin ] --END-- [ RunTime:0.001001s ]
NOTIC: [8192] mysql_connect(): The mysql extension is deprecated and will be removed in the future: use mysqli or PDO instead E:\huasuhui\GRProject\blog\ThinkPHP\Lib\Driver\Db\DbMysql.class.php 第 55 行.
SQL: SHOW COLUMNS FROM `wl_article` [ RunTime:0.004000s ]
NOTIC: [8192] preg_replace(): The /e modifier is deprecated, use preg_replace_callback instead E:\huasuhui\GRProject\blog\ThinkPHP\Lib\Core\Db.class.php 第 605 行.
SQL: SELECT COUNT(*) AS tp_count FROM `wl_article` LIMIT 1   [ RunTime:0.000000s ]
SQL: select a.id, a.title, a.create_date, b.name as catename, c.nickname, d.tag_name
from wl_article a
left join wl_cate b on a.cid = b.id
left join wl_user c on a.user_id = c.id
left join wl_article_tag d on a.id = d.article_id 
limit 20 , 5 [ RunTime:0.000000s ]

[ 2015-08-10T16:45:42+08:00 ] 127.0.0.1 /randomArticle
INFO: [ app_begin ] --START--
INFO: ReadHtmlCache Behavior ::run [ RunTime:0.001000s ]
INFO: [ app_begin ] --END-- [ RunTime:0.001000s ]
NOTIC: [8192] mysql_connect(): The mysql extension is deprecated and will be removed in the future: use mysqli or PDO instead E:\huasuhui\GRProject\blog\ThinkPHP\Lib\Driver\Db\DbMysql.class.php 第 55 行.
SQL: SHOW COLUMNS FROM `wl_article` [ RunTime:0.002000s ]
NOTIC: [8192] preg_replace(): The /e modifier is deprecated, use preg_replace_callback instead E:\huasuhui\GRProject\blog\ThinkPHP\Lib\Core\Db.class.php 第 605 行.
SQL: SELECT COUNT(*) AS tp_count FROM `wl_article` LIMIT 1   [ RunTime:0.000000s ]
SQL: select a.id, a.title, a.create_date, b.name as catename, c.nickname, d.tag_name
from wl_article a
left join wl_cate b on a.cid = b.id
left join wl_user c on a.user_id = c.id
left join wl_article_tag d on a.id = d.article_id 
limit 22 , 5 [ RunTime:0.001000s ]

[ 2015-08-10T16:45:46+08:00 ] 127.0.0.1 /randomArticle
INFO: [ app_begin ] --START--
INFO: ReadHtmlCache Behavior ::run [ RunTime:0.001000s ]
INFO: [ app_begin ] --END-- [ RunTime:0.001000s ]
NOTIC: [8192] mysql_connect(): The mysql extension is deprecated and will be removed in the future: use mysqli or PDO instead E:\huasuhui\GRProject\blog\ThinkPHP\Lib\Driver\Db\DbMysql.class.php 第 55 行.
SQL: SHOW COLUMNS FROM `wl_article` [ RunTime:0.003000s ]
NOTIC: [8192] preg_replace(): The /e modifier is deprecated, use preg_replace_callback instead E:\huasuhui\GRProject\blog\ThinkPHP\Lib\Core\Db.class.php 第 605 行.
SQL: SELECT COUNT(*) AS tp_count FROM `wl_article` LIMIT 1   [ RunTime:0.000000s ]
SQL: select a.id, a.title, a.create_date, b.name as catename, c.nickname, d.tag_name
from wl_article a
left join wl_cate b on a.cid = b.id
left join wl_user c on a.user_id = c.id
left join wl_article_tag d on a.id = d.article_id 
limit 8 , 5 [ RunTime:0.000000s ]

[ 2015-08-10T16:45:46+08:00 ] 127.0.0.1 /randomArticle
INFO: [ app_begin ] --START--
INFO: ReadHtmlCache Behavior ::run [ RunTime:0.001000s ]
INFO: [ app_begin ] --END-- [ RunTime:0.001000s ]
NOTIC: [8192] mysql_connect(): The mysql extension is deprecated and will be removed in the future: use mysqli or PDO instead E:\huasuhui\GRProject\blog\ThinkPHP\Lib\Driver\Db\DbMysql.class.php 第 55 行.
SQL: SHOW COLUMNS FROM `wl_article` [ RunTime:0.004000s ]
NOTIC: [8192] preg_replace(): The /e modifier is deprecated, use preg_replace_callback instead E:\huasuhui\GRProject\blog\ThinkPHP\Lib\Core\Db.class.php 第 605 行.
SQL: SELECT COUNT(*) AS tp_count FROM `wl_article` LIMIT 1   [ RunTime:0.001000s ]
SQL: select a.id, a.title, a.create_date, b.name as catename, c.nickname, d.tag_name
from wl_article a
left join wl_cate b on a.cid = b.id
left join wl_user c on a.user_id = c.id
left join wl_article_tag d on a.id = d.article_id 
limit 3 , 5 [ RunTime:0.000000s ]

[ 2015-08-10T16:45:47+08:00 ] 127.0.0.1 /randomArticle
INFO: [ app_begin ] --START--
INFO: ReadHtmlCache Behavior ::run [ RunTime:0.001001s ]
INFO: [ app_begin ] --END-- [ RunTime:0.001001s ]
NOTIC: [8192] mysql_connect(): The mysql extension is deprecated and will be removed in the future: use mysqli or PDO instead E:\huasuhui\GRProject\blog\ThinkPHP\Lib\Driver\Db\DbMysql.class.php 第 55 行.
SQL: SHOW COLUMNS FROM `wl_article` [ RunTime:0.003000s ]
NOTIC: [8192] preg_replace(): The /e modifier is deprecated, use preg_replace_callback instead E:\huasuhui\GRProject\blog\ThinkPHP\Lib\Core\Db.class.php 第 605 行.
SQL: SELECT COUNT(*) AS tp_count FROM `wl_article` LIMIT 1   [ RunTime:0.000000s ]
SQL: select a.id, a.title, a.create_date, b.name as catename, c.nickname, d.tag_name
from wl_article a
left join wl_cate b on a.cid = b.id
left join wl_user c on a.user_id = c.id
left join wl_article_tag d on a.id = d.article_id 
limit 0 , 5 [ RunTime:0.000000s ]

[ 2015-08-10T16:45:47+08:00 ] 127.0.0.1 /randomArticle
INFO: [ app_begin ] --START--
INFO: ReadHtmlCache Behavior ::run [ RunTime:0.000000s ]
INFO: [ app_begin ] --END-- [ RunTime:0.000000s ]
NOTIC: [8192] mysql_connect(): The mysql extension is deprecated and will be removed in the future: use mysqli or PDO instead E:\huasuhui\GRProject\blog\ThinkPHP\Lib\Driver\Db\DbMysql.class.php 第 55 行.
SQL: SHOW COLUMNS FROM `wl_article` [ RunTime:0.004000s ]
NOTIC: [8192] preg_replace(): The /e modifier is deprecated, use preg_replace_callback instead E:\huasuhui\GRProject\blog\ThinkPHP\Lib\Core\Db.class.php 第 605 行.
SQL: SELECT COUNT(*) AS tp_count FROM `wl_article` LIMIT 1   [ RunTime:0.001000s ]
SQL: select a.id, a.title, a.create_date, b.name as catename, c.nickname, d.tag_name
from wl_article a
left join wl_cate b on a.cid = b.id
left join wl_user c on a.user_id = c.id
left join wl_article_tag d on a.id = d.article_id 
limit 10 , 5 [ RunTime:0.000000s ]

[ 2015-08-10T16:45:48+08:00 ] 127.0.0.1 /randomArticle
INFO: [ app_begin ] --START--
INFO: ReadHtmlCache Behavior ::run [ RunTime:0.001000s ]
INFO: [ app_begin ] --END-- [ RunTime:0.001000s ]
NOTIC: [8192] mysql_connect(): The mysql extension is deprecated and will be removed in the future: use mysqli or PDO instead E:\huasuhui\GRProject\blog\ThinkPHP\Lib\Driver\Db\DbMysql.class.php 第 55 行.
SQL: SHOW COLUMNS FROM `wl_article` [ RunTime:0.003001s ]
NOTIC: [8192] preg_replace(): The /e modifier is deprecated, use preg_replace_callback instead E:\huasuhui\GRProject\blog\ThinkPHP\Lib\Core\Db.class.php 第 605 行.
SQL: SELECT COUNT(*) AS tp_count FROM `wl_article` LIMIT 1   [ RunTime:0.000000s ]
SQL: select a.id, a.title, a.create_date, b.name as catename, c.nickname, d.tag_name
from wl_article a
left join wl_cate b on a.cid = b.id
left join wl_user c on a.user_id = c.id
left join wl_article_tag d on a.id = d.article_id 
limit 9 , 5 [ RunTime:0.000000s ]

[ 2015-08-10T16:45:48+08:00 ] 127.0.0.1 /randomArticle
INFO: [ app_begin ] --START--
INFO: ReadHtmlCache Behavior ::run [ RunTime:0.001000s ]
INFO: [ app_begin ] --END-- [ RunTime:0.001000s ]
NOTIC: [8192] mysql_connect(): The mysql extension is deprecated and will be removed in the future: use mysqli or PDO instead E:\huasuhui\GRProject\blog\ThinkPHP\Lib\Driver\Db\DbMysql.class.php 第 55 行.
SQL: SHOW COLUMNS FROM `wl_article` [ RunTime:0.003000s ]
NOTIC: [8192] preg_replace(): The /e modifier is deprecated, use preg_replace_callback instead E:\huasuhui\GRProject\blog\ThinkPHP\Lib\Core\Db.class.php 第 605 行.
SQL: SELECT COUNT(*) AS tp_count FROM `wl_article` LIMIT 1   [ RunTime:0.001000s ]
SQL: select a.id, a.title, a.create_date, b.name as catename, c.nickname, d.tag_name
from wl_article a
left join wl_cate b on a.cid = b.id
left join wl_user c on a.user_id = c.id
left join wl_article_tag d on a.id = d.article_id 
limit 7 , 5 [ RunTime:0.000000s ]

[ 2015-08-10T16:45:48+08:00 ] 127.0.0.1 /randomArticle
INFO: [ app_begin ] --START--
INFO: ReadHtmlCache Behavior ::run [ RunTime:0.000000s ]
INFO: [ app_begin ] --END-- [ RunTime:0.001000s ]
NOTIC: [8192] mysql_connect(): The mysql extension is deprecated and will be removed in the future: use mysqli or PDO instead E:\huasuhui\GRProject\blog\ThinkPHP\Lib\Driver\Db\DbMysql.class.php 第 55 行.
SQL: SHOW COLUMNS FROM `wl_article` [ RunTime:0.003000s ]
NOTIC: [8192] preg_replace(): The /e modifier is deprecated, use preg_replace_callback instead E:\huasuhui\GRProject\blog\ThinkPHP\Lib\Core\Db.class.php 第 605 行.
SQL: SELECT COUNT(*) AS tp_count FROM `wl_article` LIMIT 1   [ RunTime:0.000000s ]
SQL: select a.id, a.title, a.create_date, b.name as catename, c.nickname, d.tag_name
from wl_article a
left join wl_cate b on a.cid = b.id
left join wl_user c on a.user_id = c.id
left join wl_article_tag d on a.id = d.article_id 
limit 23 , 5 [ RunTime:0.000000s ]

[ 2015-08-10T16:45:48+08:00 ] 127.0.0.1 /randomArticle
INFO: [ app_begin ] --START--
INFO: ReadHtmlCache Behavior ::run [ RunTime:0.000000s ]
INFO: [ app_begin ] --END-- [ RunTime:0.001000s ]
NOTIC: [8192] mysql_connect(): The mysql extension is deprecated and will be removed in the future: use mysqli or PDO instead E:\huasuhui\GRProject\blog\ThinkPHP\Lib\Driver\Db\DbMysql.class.php 第 55 行.
SQL: SHOW COLUMNS FROM `wl_article` [ RunTime:0.003000s ]
NOTIC: [8192] preg_replace(): The /e modifier is deprecated, use preg_replace_callback instead E:\huasuhui\GRProject\blog\ThinkPHP\Lib\Core\Db.class.php 第 605 行.
SQL: SELECT COUNT(*) AS tp_count FROM `wl_article` LIMIT 1   [ RunTime:0.001000s ]
SQL: select a.id, a.title, a.create_date, b.name as catename, c.nickname, d.tag_name
from wl_article a
left join wl_cate b on a.cid = b.id
left join wl_user c on a.user_id = c.id
left join wl_article_tag d on a.id = d.article_id 
limit 17 , 5 [ RunTime:0.001000s ]

[ 2015-08-10T16:45:48+08:00 ] 127.0.0.1 /randomArticle
INFO: [ app_begin ] --START--
INFO: ReadHtmlCache Behavior ::run [ RunTime:0.000000s ]
INFO: [ app_begin ] --END-- [ RunTime:0.001000s ]
NOTIC: [8192] mysql_connect(): The mysql extension is deprecated and will be removed in the future: use mysqli or PDO instead E:\huasuhui\GRProject\blog\ThinkPHP\Lib\Driver\Db\DbMysql.class.php 第 55 行.
SQL: SHOW COLUMNS FROM `wl_article` [ RunTime:0.003000s ]
NOTIC: [8192] preg_replace(): The /e modifier is deprecated, use preg_replace_callback instead E:\huasuhui\GRProject\blog\ThinkPHP\Lib\Core\Db.class.php 第 605 行.
SQL: SELECT COUNT(*) AS tp_count FROM `wl_article` LIMIT 1   [ RunTime:0.001000s ]
SQL: select a.id, a.title, a.create_date, b.name as catename, c.nickname, d.tag_name
from wl_article a
left join wl_cate b on a.cid = b.id
left join wl_user c on a.user_id = c.id
left join wl_article_tag d on a.id = d.article_id 
limit 15 , 5 [ RunTime:0.000000s ]

[ 2015-08-10T16:45:49+08:00 ] 127.0.0.1 /randomArticle
INFO: [ app_begin ] --START--
INFO: ReadHtmlCache Behavior ::run [ RunTime:0.000000s ]
INFO: [ app_begin ] --END-- [ RunTime:0.000000s ]
NOTIC: [8192] mysql_connect(): The mysql extension is deprecated and will be removed in the future: use mysqli or PDO instead E:\huasuhui\GRProject\blog\ThinkPHP\Lib\Driver\Db\DbMysql.class.php 第 55 行.
SQL: SHOW COLUMNS FROM `wl_article` [ RunTime:0.003001s ]
NOTIC: [8192] preg_replace(): The /e modifier is deprecated, use preg_replace_callback instead E:\huasuhui\GRProject\blog\ThinkPHP\Lib\Core\Db.class.php 第 605 行.
SQL: SELECT COUNT(*) AS tp_count FROM `wl_article` LIMIT 1   [ RunTime:0.000000s ]
SQL: select a.id, a.title, a.create_date, b.name as catename, c.nickname, d.tag_name
from wl_article a
left join wl_cate b on a.cid = b.id
left join wl_user c on a.user_id = c.id
left join wl_article_tag d on a.id = d.article_id 
limit 12 , 5 [ RunTime:0.000000s ]

[ 2015-08-10T16:45:49+08:00 ] 127.0.0.1 /randomArticle
INFO: [ app_begin ] --START--
INFO: ReadHtmlCache Behavior ::run [ RunTime:0.001000s ]
INFO: [ app_begin ] --END-- [ RunTime:0.001000s ]
NOTIC: [8192] mysql_connect(): The mysql extension is deprecated and will be removed in the future: use mysqli or PDO instead E:\huasuhui\GRProject\blog\ThinkPHP\Lib\Driver\Db\DbMysql.class.php 第 55 行.
SQL: SHOW COLUMNS FROM `wl_article` [ RunTime:0.003000s ]
NOTIC: [8192] preg_replace(): The /e modifier is deprecated, use preg_replace_callback instead E:\huasuhui\GRProject\blog\ThinkPHP\Lib\Core\Db.class.php 第 605 行.
SQL: SELECT COUNT(*) AS tp_count FROM `wl_article` LIMIT 1   [ RunTime:0.001000s ]
SQL: select a.id, a.title, a.create_date, b.name as catename, c.nickname, d.tag_name
from wl_article a
left join wl_cate b on a.cid = b.id
left join wl_user c on a.user_id = c.id
left join wl_article_tag d on a.id = d.article_id 
limit 22 , 5 [ RunTime:0.000000s ]

[ 2015-08-10T16:45:49+08:00 ] 127.0.0.1 /randomArticle
INFO: [ app_begin ] --START--
INFO: ReadHtmlCache Behavior ::run [ RunTime:0.000000s ]
INFO: [ app_begin ] --END-- [ RunTime:0.000000s ]
NOTIC: [8192] mysql_connect(): The mysql extension is deprecated and will be removed in the future: use mysqli or PDO instead E:\huasuhui\GRProject\blog\ThinkPHP\Lib\Driver\Db\DbMysql.class.php 第 55 行.
SQL: SHOW COLUMNS FROM `wl_article` [ RunTime:0.003000s ]
NOTIC: [8192] preg_replace(): The /e modifier is deprecated, use preg_replace_callback instead E:\huasuhui\GRProject\blog\ThinkPHP\Lib\Core\Db.class.php 第 605 行.
SQL: SELECT COUNT(*) AS tp_count FROM `wl_article` LIMIT 1   [ RunTime:0.001000s ]
SQL: select a.id, a.title, a.create_date, b.name as catename, c.nickname, d.tag_name
from wl_article a
left join wl_cate b on a.cid = b.id
left join wl_user c on a.user_id = c.id
left join wl_article_tag d on a.id = d.article_id 
limit 24 , 5 [ RunTime:0.000000s ]

[ 2015-08-10T16:45:49+08:00 ] 127.0.0.1 /randomArticle
INFO: [ app_begin ] --START--
INFO: ReadHtmlCache Behavior ::run [ RunTime:0.000000s ]
INFO: [ app_begin ] --END-- [ RunTime:0.000000s ]
NOTIC: [8192] mysql_connect(): The mysql extension is deprecated and will be removed in the future: use mysqli or PDO instead E:\huasuhui\GRProject\blog\ThinkPHP\Lib\Driver\Db\DbMysql.class.php 第 55 行.
SQL: SHOW COLUMNS FROM `wl_article` [ RunTime:0.003000s ]
NOTIC: [8192] preg_replace(): The /e modifier is deprecated, use preg_replace_callback instead E:\huasuhui\GRProject\blog\ThinkPHP\Lib\Core\Db.class.php 第 605 行.
SQL: SELECT COUNT(*) AS tp_count FROM `wl_article` LIMIT 1   [ RunTime:0.000000s ]
SQL: select a.id, a.title, a.create_date, b.name as catename, c.nickname, d.tag_name
from wl_article a
left join wl_cate b on a.cid = b.id
left join wl_user c on a.user_id = c.id
left join wl_article_tag d on a.id = d.article_id 
limit 15 , 5 [ RunTime:0.000000s ]

[ 2015-08-10T16:45:49+08:00 ] 127.0.0.1 /randomArticle
INFO: [ app_begin ] --START--
INFO: ReadHtmlCache Behavior ::run [ RunTime:0.001000s ]
INFO: [ app_begin ] --END-- [ RunTime:0.001000s ]
NOTIC: [8192] mysql_connect(): The mysql extension is deprecated and will be removed in the future: use mysqli or PDO instead E:\huasuhui\GRProject\blog\ThinkPHP\Lib\Driver\Db\DbMysql.class.php 第 55 行.
SQL: SHOW COLUMNS FROM `wl_article` [ RunTime:0.003001s ]
NOTIC: [8192] preg_replace(): The /e modifier is deprecated, use preg_replace_callback instead E:\huasuhui\GRProject\blog\ThinkPHP\Lib\Core\Db.class.php 第 605 行.
SQL: SELECT COUNT(*) AS tp_count FROM `wl_article` LIMIT 1   [ RunTime:0.000000s ]
SQL: select a.id, a.title, a.create_date, b.name as catename, c.nickname, d.tag_name
from wl_article a
left join wl_cate b on a.cid = b.id
left join wl_user c on a.user_id = c.id
left join wl_article_tag d on a.id = d.article_id 
limit 6 , 5 [ RunTime:0.000000s ]

[ 2015-08-10T16:45:50+08:00 ] 127.0.0.1 /randomArticle
INFO: [ app_begin ] --START--
INFO: ReadHtmlCache Behavior ::run [ RunTime:0.001000s ]
INFO: [ app_begin ] --END-- [ RunTime:0.001000s ]
NOTIC: [8192] mysql_connect(): The mysql extension is deprecated and will be removed in the future: use mysqli or PDO instead E:\huasuhui\GRProject\blog\ThinkPHP\Lib\Driver\Db\DbMysql.class.php 第 55 行.
SQL: SHOW COLUMNS FROM `wl_article` [ RunTime:0.002000s ]
NOTIC: [8192] preg_replace(): The /e modifier is deprecated, use preg_replace_callback instead E:\huasuhui\GRProject\blog\ThinkPHP\Lib\Core\Db.class.php 第 605 行.
SQL: SELECT COUNT(*) AS tp_count FROM `wl_article` LIMIT 1   [ RunTime:0.000000s ]
SQL: select a.id, a.title, a.create_date, b.name as catename, c.nickname, d.tag_name
from wl_article a
left join wl_cate b on a.cid = b.id
left join wl_user c on a.user_id = c.id
left join wl_article_tag d on a.id = d.article_id 
limit 23 , 5 [ RunTime:0.000000s ]

[ 2015-08-10T16:45:50+08:00 ] 127.0.0.1 /randomArticle
INFO: [ app_begin ] --START--
INFO: ReadHtmlCache Behavior ::run [ RunTime:0.001000s ]
INFO: [ app_begin ] --END-- [ RunTime:0.001000s ]
NOTIC: [8192] mysql_connect(): The mysql extension is deprecated and will be removed in the future: use mysqli or PDO instead E:\huasuhui\GRProject\blog\ThinkPHP\Lib\Driver\Db\DbMysql.class.php 第 55 行.
SQL: SHOW COLUMNS FROM `wl_article` [ RunTime:0.003000s ]
NOTIC: [8192] preg_replace(): The /e modifier is deprecated, use preg_replace_callback instead E:\huasuhui\GRProject\blog\ThinkPHP\Lib\Core\Db.class.php 第 605 行.
SQL: SELECT COUNT(*) AS tp_count FROM `wl_article` LIMIT 1   [ RunTime:0.000000s ]
SQL: select a.id, a.title, a.create_date, b.name as catename, c.nickname, d.tag_name
from wl_article a
left join wl_cate b on a.cid = b.id
left join wl_user c on a.user_id = c.id
left join wl_article_tag d on a.id = d.article_id 
limit 14 , 5 [ RunTime:0.000000s ]

[ 2015-08-10T16:45:50+08:00 ] 127.0.0.1 /randomArticle
INFO: [ app_begin ] --START--
INFO: ReadHtmlCache Behavior ::run [ RunTime:0.000000s ]
INFO: [ app_begin ] --END-- [ RunTime:0.001000s ]
NOTIC: [8192] mysql_connect(): The mysql extension is deprecated and will be removed in the future: use mysqli or PDO instead E:\huasuhui\GRProject\blog\ThinkPHP\Lib\Driver\Db\DbMysql.class.php 第 55 行.
SQL: SHOW COLUMNS FROM `wl_article` [ RunTime:0.002000s ]
NOTIC: [8192] preg_replace(): The /e modifier is deprecated, use preg_replace_callback instead E:\huasuhui\GRProject\blog\ThinkPHP\Lib\Core\Db.class.php 第 605 行.
SQL: SELECT COUNT(*) AS tp_count FROM `wl_article` LIMIT 1   [ RunTime:0.000000s ]
SQL: select a.id, a.title, a.create_date, b.name as catename, c.nickname, d.tag_name
from wl_article a
left join wl_cate b on a.cid = b.id
left join wl_user c on a.user_id = c.id
left join wl_article_tag d on a.id = d.article_id 
limit 2 , 5 [ RunTime:0.000000s ]

[ 2015-08-10T16:45:50+08:00 ] 127.0.0.1 /randomArticle
INFO: [ app_begin ] --START--
INFO: ReadHtmlCache Behavior ::run [ RunTime:0.001000s ]
INFO: [ app_begin ] --END-- [ RunTime:0.001000s ]
NOTIC: [8192] mysql_connect(): The mysql extension is deprecated and will be removed in the future: use mysqli or PDO instead E:\huasuhui\GRProject\blog\ThinkPHP\Lib\Driver\Db\DbMysql.class.php 第 55 行.
SQL: SHOW COLUMNS FROM `wl_article` [ RunTime:0.003001s ]
NOTIC: [8192] preg_replace(): The /e modifier is deprecated, use preg_replace_callback instead E:\huasuhui\GRProject\blog\ThinkPHP\Lib\Core\Db.class.php 第 605 行.
SQL: SELECT COUNT(*) AS tp_count FROM `wl_article` LIMIT 1   [ RunTime:0.000000s ]
SQL: select a.id, a.title, a.create_date, b.name as catename, c.nickname, d.tag_name
from wl_article a
left join wl_cate b on a.cid = b.id
left join wl_user c on a.user_id = c.id
left join wl_article_tag d on a.id = d.article_id 
limit 6 , 5 [ RunTime:0.000000s ]

[ 2015-08-10T16:45:50+08:00 ] 127.0.0.1 /randomArticle
INFO: [ app_begin ] --START--
INFO: ReadHtmlCache Behavior ::run [ RunTime:0.000000s ]
INFO: [ app_begin ] --END-- [ RunTime:0.000000s ]
NOTIC: [8192] mysql_connect(): The mysql extension is deprecated and will be removed in the future: use mysqli or PDO instead E:\huasuhui\GRProject\blog\ThinkPHP\Lib\Driver\Db\DbMysql.class.php 第 55 行.
SQL: SHOW COLUMNS FROM `wl_article` [ RunTime:0.003001s ]
NOTIC: [8192] preg_replace(): The /e modifier is deprecated, use preg_replace_callback instead E:\huasuhui\GRProject\blog\ThinkPHP\Lib\Core\Db.class.php 第 605 行.
SQL: SELECT COUNT(*) AS tp_count FROM `wl_article` LIMIT 1   [ RunTime:0.000000s ]
SQL: select a.id, a.title, a.create_date, b.name as catename, c.nickname, d.tag_name
from wl_article a
left join wl_cate b on a.cid = b.id
left join wl_user c on a.user_id = c.id
left join wl_article_tag d on a.id = d.article_id 
limit 15 , 5 [ RunTime:0.000000s ]

[ 2015-08-10T16:45:50+08:00 ] 127.0.0.1 /randomArticle
INFO: [ app_begin ] --START--
INFO: ReadHtmlCache Behavior ::run [ RunTime:0.001001s ]
INFO: [ app_begin ] --END-- [ RunTime:0.001001s ]
NOTIC: [8192] mysql_connect(): The mysql extension is deprecated and will be removed in the future: use mysqli or PDO instead E:\huasuhui\GRProject\blog\ThinkPHP\Lib\Driver\Db\DbMysql.class.php 第 55 行.
SQL: SHOW COLUMNS FROM `wl_article` [ RunTime:0.002000s ]
NOTIC: [8192] preg_replace(): The /e modifier is deprecated, use preg_replace_callback instead E:\huasuhui\GRProject\blog\ThinkPHP\Lib\Core\Db.class.php 第 605 行.
SQL: SELECT COUNT(*) AS tp_count FROM `wl_article` LIMIT 1   [ RunTime:0.000000s ]
SQL: select a.id, a.title, a.create_date, b.name as catename, c.nickname, d.tag_name
from wl_article a
left join wl_cate b on a.cid = b.id
left join wl_user c on a.user_id = c.id
left join wl_article_tag d on a.id = d.article_id 
limit 14 , 5 [ RunTime:0.001000s ]

[ 2015-08-10T16:45:51+08:00 ] 127.0.0.1 /randomArticle
INFO: [ app_begin ] --START--
INFO: ReadHtmlCache Behavior ::run [ RunTime:0.001000s ]
INFO: [ app_begin ] --END-- [ RunTime:0.001000s ]
NOTIC: [8192] mysql_connect(): The mysql extension is deprecated and will be removed in the future: use mysqli or PDO instead E:\huasuhui\GRProject\blog\ThinkPHP\Lib\Driver\Db\DbMysql.class.php 第 55 行.
SQL: SHOW COLUMNS FROM `wl_article` [ RunTime:0.005001s ]
NOTIC: [8192] preg_replace(): The /e modifier is deprecated, use preg_replace_callback instead E:\huasuhui\GRProject\blog\ThinkPHP\Lib\Core\Db.class.php 第 605 行.
SQL: SELECT COUNT(*) AS tp_count FROM `wl_article` LIMIT 1   [ RunTime:0.000000s ]
SQL: select a.id, a.title, a.create_date, b.name as catename, c.nickname, d.tag_name
from wl_article a
left join wl_cate b on a.cid = b.id
left join wl_user c on a.user_id = c.id
left join wl_article_tag d on a.id = d.article_id 
limit 3 , 5 [ RunTime:0.000000s ]

[ 2015-08-10T16:45:51+08:00 ] 127.0.0.1 /randomArticle
INFO: [ app_begin ] --START--
INFO: ReadHtmlCache Behavior ::run [ RunTime:0.001000s ]
INFO: [ app_begin ] --END-- [ RunTime:0.001000s ]
NOTIC: [8192] mysql_connect(): The mysql extension is deprecated and will be removed in the future: use mysqli or PDO instead E:\huasuhui\GRProject\blog\ThinkPHP\Lib\Driver\Db\DbMysql.class.php 第 55 行.
SQL: SHOW COLUMNS FROM `wl_article` [ RunTime:0.003000s ]
NOTIC: [8192] preg_replace(): The /e modifier is deprecated, use preg_replace_callback instead E:\huasuhui\GRProject\blog\ThinkPHP\Lib\Core\Db.class.php 第 605 行.
SQL: SELECT COUNT(*) AS tp_count FROM `wl_article` LIMIT 1   [ RunTime:0.000000s ]
SQL: select a.id, a.title, a.create_date, b.name as catename, c.nickname, d.tag_name
from wl_article a
left join wl_cate b on a.cid = b.id
left join wl_user c on a.user_id = c.id
left join wl_article_tag d on a.id = d.article_id 
limit 9 , 5 [ RunTime:0.000000s ]

[ 2015-08-10T16:45:51+08:00 ] 127.0.0.1 /randomArticle
INFO: [ app_begin ] --START--
INFO: ReadHtmlCache Behavior ::run [ RunTime:0.000000s ]
INFO: [ app_begin ] --END-- [ RunTime:0.001000s ]
NOTIC: [8192] mysql_connect(): The mysql extension is deprecated and will be removed in the future: use mysqli or PDO instead E:\huasuhui\GRProject\blog\ThinkPHP\Lib\Driver\Db\DbMysql.class.php 第 55 行.
SQL: SHOW COLUMNS FROM `wl_article` [ RunTime:0.003000s ]
NOTIC: [8192] preg_replace(): The /e modifier is deprecated, use preg_replace_callback instead E:\huasuhui\GRProject\blog\ThinkPHP\Lib\Core\Db.class.php 第 605 行.
SQL: SELECT COUNT(*) AS tp_count FROM `wl_article` LIMIT 1   [ RunTime:0.001000s ]
SQL: select a.id, a.title, a.create_date, b.name as catename, c.nickname, d.tag_name
from wl_article a
left join wl_cate b on a.cid = b.id
left join wl_user c on a.user_id = c.id
left join wl_article_tag d on a.id = d.article_id 
limit 16 , 5 [ RunTime:0.000000s ]

[ 2015-08-10T16:45:51+08:00 ] 127.0.0.1 /randomArticle
INFO: [ app_begin ] --START--
INFO: ReadHtmlCache Behavior ::run [ RunTime:0.000000s ]
INFO: [ app_begin ] --END-- [ RunTime:0.001000s ]
NOTIC: [8192] mysql_connect(): The mysql extension is deprecated and will be removed in the future: use mysqli or PDO instead E:\huasuhui\GRProject\blog\ThinkPHP\Lib\Driver\Db\DbMysql.class.php 第 55 行.
SQL: SHOW COLUMNS FROM `wl_article` [ RunTime:0.003000s ]
NOTIC: [8192] preg_replace(): The /e modifier is deprecated, use preg_replace_callback instead E:\huasuhui\GRProject\blog\ThinkPHP\Lib\Core\Db.class.php 第 605 行.
SQL: SELECT COUNT(*) AS tp_count FROM `wl_article` LIMIT 1   [ RunTime:0.000000s ]
SQL: select a.id, a.title, a.create_date, b.name as catename, c.nickname, d.tag_name
from wl_article a
left join wl_cate b on a.cid = b.id
left join wl_user c on a.user_id = c.id
left join wl_article_tag d on a.id = d.article_id 
limit 19 , 5 [ RunTime:0.000000s ]

[ 2015-08-10T16:45:51+08:00 ] 127.0.0.1 /randomArticle
INFO: [ app_begin ] --START--
INFO: ReadHtmlCache Behavior ::run [ RunTime:0.000000s ]
INFO: [ app_begin ] --END-- [ RunTime:0.000000s ]
NOTIC: [8192] mysql_connect(): The mysql extension is deprecated and will be removed in the future: use mysqli or PDO instead E:\huasuhui\GRProject\blog\ThinkPHP\Lib\Driver\Db\DbMysql.class.php 第 55 行.
SQL: SHOW COLUMNS FROM `wl_article` [ RunTime:0.004000s ]
NOTIC: [8192] preg_replace(): The /e modifier is deprecated, use preg_replace_callback instead E:\huasuhui\GRProject\blog\ThinkPHP\Lib\Core\Db.class.php 第 605 行.
SQL: SELECT COUNT(*) AS tp_count FROM `wl_article` LIMIT 1   [ RunTime:0.000000s ]
SQL: select a.id, a.title, a.create_date, b.name as catename, c.nickname, d.tag_name
from wl_article a
left join wl_cate b on a.cid = b.id
left join wl_user c on a.user_id = c.id
left join wl_article_tag d on a.id = d.article_id 
limit 11 , 5 [ RunTime:0.001000s ]

[ 2015-08-10T16:45:52+08:00 ] 127.0.0.1 /randomArticle
INFO: [ app_begin ] --START--
INFO: ReadHtmlCache Behavior ::run [ RunTime:0.001000s ]
INFO: [ app_begin ] --END-- [ RunTime:0.001000s ]
NOTIC: [8192] mysql_connect(): The mysql extension is deprecated and will be removed in the future: use mysqli or PDO instead E:\huasuhui\GRProject\blog\ThinkPHP\Lib\Driver\Db\DbMysql.class.php 第 55 行.
SQL: SHOW COLUMNS FROM `wl_article` [ RunTime:0.003000s ]
NOTIC: [8192] preg_replace(): The /e modifier is deprecated, use preg_replace_callback instead E:\huasuhui\GRProject\blog\ThinkPHP\Lib\Core\Db.class.php 第 605 行.
SQL: SELECT COUNT(*) AS tp_count FROM `wl_article` LIMIT 1   [ RunTime:0.000000s ]
SQL: select a.id, a.title, a.create_date, b.name as catename, c.nickname, d.tag_name
from wl_article a
left join wl_cate b on a.cid = b.id
left join wl_user c on a.user_id = c.id
left join wl_article_tag d on a.id = d.article_id 
limit 23 , 5 [ RunTime:0.001000s ]

[ 2015-08-10T16:45:52+08:00 ] 127.0.0.1 /randomArticle
INFO: [ app_begin ] --START--
INFO: ReadHtmlCache Behavior ::run [ RunTime:0.001000s ]
INFO: [ app_begin ] --END-- [ RunTime:0.001000s ]
NOTIC: [8192] mysql_connect(): The mysql extension is deprecated and will be removed in the future: use mysqli or PDO instead E:\huasuhui\GRProject\blog\ThinkPHP\Lib\Driver\Db\DbMysql.class.php 第 55 行.
SQL: SHOW COLUMNS FROM `wl_article` [ RunTime:0.004000s ]
NOTIC: [8192] preg_replace(): The /e modifier is deprecated, use preg_replace_callback instead E:\huasuhui\GRProject\blog\ThinkPHP\Lib\Core\Db.class.php 第 605 行.
SQL: SELECT COUNT(*) AS tp_count FROM `wl_article` LIMIT 1   [ RunTime:0.001000s ]
SQL: select a.id, a.title, a.create_date, b.name as catename, c.nickname, d.tag_name
from wl_article a
left join wl_cate b on a.cid = b.id
left join wl_user c on a.user_id = c.id
left join wl_article_tag d on a.id = d.article_id 
limit 1 , 5 [ RunTime:0.001000s ]

[ 2015-08-10T16:45:52+08:00 ] 127.0.0.1 /randomArticle
INFO: [ app_begin ] --START--
INFO: ReadHtmlCache Behavior ::run [ RunTime:0.000000s ]
INFO: [ app_begin ] --END-- [ RunTime:0.000000s ]
NOTIC: [8192] mysql_connect(): The mysql extension is deprecated and will be removed in the future: use mysqli or PDO instead E:\huasuhui\GRProject\blog\ThinkPHP\Lib\Driver\Db\DbMysql.class.php 第 55 行.
SQL: SHOW COLUMNS FROM `wl_article` [ RunTime:0.003000s ]
NOTIC: [8192] preg_replace(): The /e modifier is deprecated, use preg_replace_callback instead E:\huasuhui\GRProject\blog\ThinkPHP\Lib\Core\Db.class.php 第 605 行.
SQL: SELECT COUNT(*) AS tp_count FROM `wl_article` LIMIT 1   [ RunTime:0.000000s ]
SQL: select a.id, a.title, a.create_date, b.name as catename, c.nickname, d.tag_name
from wl_article a
left join wl_cate b on a.cid = b.id
left join wl_user c on a.user_id = c.id
left join wl_article_tag d on a.id = d.article_id 
limit 7 , 5 [ RunTime:0.000000s ]

[ 2015-08-10T16:45:52+08:00 ] 127.0.0.1 /randomArticle
INFO: [ app_begin ] --START--
INFO: ReadHtmlCache Behavior ::run [ RunTime:0.001000s ]
INFO: [ app_begin ] --END-- [ RunTime:0.001000s ]
NOTIC: [8192] mysql_connect(): The mysql extension is deprecated and will be removed in the future: use mysqli or PDO instead E:\huasuhui\GRProject\blog\ThinkPHP\Lib\Driver\Db\DbMysql.class.php 第 55 行.
SQL: SHOW COLUMNS FROM `wl_article` [ RunTime:0.003001s ]
NOTIC: [8192] preg_replace(): The /e modifier is deprecated, use preg_replace_callback instead E:\huasuhui\GRProject\blog\ThinkPHP\Lib\Core\Db.class.php 第 605 行.
SQL: SELECT COUNT(*) AS tp_count FROM `wl_article` LIMIT 1   [ RunTime:0.001000s ]
SQL: select a.id, a.title, a.create_date, b.name as catename, c.nickname, d.tag_name
from wl_article a
left join wl_cate b on a.cid = b.id
left join wl_user c on a.user_id = c.id
left join wl_article_tag d on a.id = d.article_id 
limit 0 , 5 [ RunTime:0.000000s ]

[ 2015-08-10T16:45:53+08:00 ] 127.0.0.1 /randomArticle
INFO: [ app_begin ] --START--
INFO: ReadHtmlCache Behavior ::run [ RunTime:0.001000s ]
INFO: [ app_begin ] --END-- [ RunTime:0.001000s ]
NOTIC: [8192] mysql_connect(): The mysql extension is deprecated and will be removed in the future: use mysqli or PDO instead E:\huasuhui\GRProject\blog\ThinkPHP\Lib\Driver\Db\DbMysql.class.php 第 55 行.
SQL: SHOW COLUMNS FROM `wl_article` [ RunTime:0.004000s ]
NOTIC: [8192] preg_replace(): The /e modifier is deprecated, use preg_replace_callback instead E:\huasuhui\GRProject\blog\ThinkPHP\Lib\Core\Db.class.php 第 605 行.
SQL: SELECT COUNT(*) AS tp_count FROM `wl_article` LIMIT 1   [ RunTime:0.000000s ]
SQL: select a.id, a.title, a.create_date, b.name as catename, c.nickname, d.tag_name
from wl_article a
left join wl_cate b on a.cid = b.id
left join wl_user c on a.user_id = c.id
left join wl_article_tag d on a.id = d.article_id 
limit 10 , 5 [ RunTime:0.000000s ]

[ 2015-08-10T16:45:53+08:00 ] 127.0.0.1 /randomArticle
INFO: [ app_begin ] --START--
INFO: ReadHtmlCache Behavior ::run [ RunTime:0.001000s ]
INFO: [ app_begin ] --END-- [ RunTime:0.001000s ]
NOTIC: [8192] mysql_connect(): The mysql extension is deprecated and will be removed in the future: use mysqli or PDO instead E:\huasuhui\GRProject\blog\ThinkPHP\Lib\Driver\Db\DbMysql.class.php 第 55 行.
SQL: SHOW COLUMNS FROM `wl_article` [ RunTime:0.003000s ]
NOTIC: [8192] preg_replace(): The /e modifier is deprecated, use preg_replace_callback instead E:\huasuhui\GRProject\blog\ThinkPHP\Lib\Core\Db.class.php 第 605 行.
SQL: SELECT COUNT(*) AS tp_count FROM `wl_article` LIMIT 1   [ RunTime:0.001000s ]
SQL: select a.id, a.title, a.create_date, b.name as catename, c.nickname, d.tag_name
from wl_article a
left join wl_cate b on a.cid = b.id
left join wl_user c on a.user_id = c.id
left join wl_article_tag d on a.id = d.article_id 
limit 26 , 5 [ RunTime:0.000000s ]

[ 2015-08-10T16:45:53+08:00 ] 127.0.0.1 /randomArticle
INFO: [ app_begin ] --START--
INFO: ReadHtmlCache Behavior ::run [ RunTime:0.000000s ]
INFO: [ app_begin ] --END-- [ RunTime:0.001000s ]
NOTIC: [8192] mysql_connect(): The mysql extension is deprecated and will be removed in the future: use mysqli or PDO instead E:\huasuhui\GRProject\blog\ThinkPHP\Lib\Driver\Db\DbMysql.class.php 第 55 行.
SQL: SHOW COLUMNS FROM `wl_article` [ RunTime:0.003000s ]
NOTIC: [8192] preg_replace(): The /e modifier is deprecated, use preg_replace_callback instead E:\huasuhui\GRProject\blog\ThinkPHP\Lib\Core\Db.class.php 第 605 行.
SQL: SELECT COUNT(*) AS tp_count FROM `wl_article` LIMIT 1   [ RunTime:0.001000s ]
SQL: select a.id, a.title, a.create_date, b.name as catename, c.nickname, d.tag_name
from wl_article a
left join wl_cate b on a.cid = b.id
left join wl_user c on a.user_id = c.id
left join wl_article_tag d on a.id = d.article_id 
limit 7 , 5 [ RunTime:0.000000s ]

[ 2015-08-10T16:45:53+08:00 ] 127.0.0.1 /randomArticle
INFO: [ app_begin ] --START--
INFO: ReadHtmlCache Behavior ::run [ RunTime:0.001000s ]
INFO: [ app_begin ] --END-- [ RunTime:0.001000s ]
NOTIC: [8192] mysql_connect(): The mysql extension is deprecated and will be removed in the future: use mysqli or PDO instead E:\huasuhui\GRProject\blog\ThinkPHP\Lib\Driver\Db\DbMysql.class.php 第 55 行.
SQL: SHOW COLUMNS FROM `wl_article` [ RunTime:0.002000s ]
NOTIC: [8192] preg_replace(): The /e modifier is deprecated, use preg_replace_callback instead E:\huasuhui\GRProject\blog\ThinkPHP\Lib\Core\Db.class.php 第 605 行.
SQL: SELECT COUNT(*) AS tp_count FROM `wl_article` LIMIT 1   [ RunTime:0.000000s ]
SQL: select a.id, a.title, a.create_date, b.name as catename, c.nickname, d.tag_name
from wl_article a
left join wl_cate b on a.cid = b.id
left join wl_user c on a.user_id = c.id
left join wl_article_tag d on a.id = d.article_id 
limit 14 , 5 [ RunTime:0.001000s ]

[ 2015-08-10T16:45:53+08:00 ] 127.0.0.1 /randomArticle
INFO: [ app_begin ] --START--
INFO: ReadHtmlCache Behavior ::run [ RunTime:0.000000s ]
INFO: [ app_begin ] --END-- [ RunTime:0.001000s ]
NOTIC: [8192] mysql_connect(): The mysql extension is deprecated and will be removed in the future: use mysqli or PDO instead E:\huasuhui\GRProject\blog\ThinkPHP\Lib\Driver\Db\DbMysql.class.php 第 55 行.
SQL: SHOW COLUMNS FROM `wl_article` [ RunTime:0.004000s ]
NOTIC: [8192] preg_replace(): The /e modifier is deprecated, use preg_replace_callback instead E:\huasuhui\GRProject\blog\ThinkPHP\Lib\Core\Db.class.php 第 605 行.
SQL: SELECT COUNT(*) AS tp_count FROM `wl_article` LIMIT 1   [ RunTime:0.000000s ]
SQL: select a.id, a.title, a.create_date, b.name as catename, c.nickname, d.tag_name
from wl_article a
left join wl_cate b on a.cid = b.id
left join wl_user c on a.user_id = c.id
left join wl_article_tag d on a.id = d.article_id 
limit 20 , 5 [ RunTime:0.000000s ]

[ 2015-08-10T16:45:54+08:00 ] 127.0.0.1 /randomArticle
INFO: [ app_begin ] --START--
INFO: ReadHtmlCache Behavior ::run [ RunTime:0.000000s ]
INFO: [ app_begin ] --END-- [ RunTime:0.000000s ]
NOTIC: [8192] mysql_connect(): The mysql extension is deprecated and will be removed in the future: use mysqli or PDO instead E:\huasuhui\GRProject\blog\ThinkPHP\Lib\Driver\Db\DbMysql.class.php 第 55 行.
SQL: SHOW COLUMNS FROM `wl_article` [ RunTime:0.003000s ]
NOTIC: [8192] preg_replace(): The /e modifier is deprecated, use preg_replace_callback instead E:\huasuhui\GRProject\blog\ThinkPHP\Lib\Core\Db.class.php 第 605 行.
SQL: SELECT COUNT(*) AS tp_count FROM `wl_article` LIMIT 1   [ RunTime:0.000000s ]
SQL: select a.id, a.title, a.create_date, b.name as catename, c.nickname, d.tag_name
from wl_article a
left join wl_cate b on a.cid = b.id
left join wl_user c on a.user_id = c.id
left join wl_article_tag d on a.id = d.article_id 
limit 5 , 5 [ RunTime:0.001000s ]

[ 2015-08-10T16:45:54+08:00 ] 127.0.0.1 /randomArticle
INFO: [ app_begin ] --START--
INFO: ReadHtmlCache Behavior ::run [ RunTime:0.000000s ]
INFO: [ app_begin ] --END-- [ RunTime:0.000000s ]
NOTIC: [8192] mysql_connect(): The mysql extension is deprecated and will be removed in the future: use mysqli or PDO instead E:\huasuhui\GRProject\blog\ThinkPHP\Lib\Driver\Db\DbMysql.class.php 第 55 行.
SQL: SHOW COLUMNS FROM `wl_article` [ RunTime:0.003001s ]
NOTIC: [8192] preg_replace(): The /e modifier is deprecated, use preg_replace_callback instead E:\huasuhui\GRProject\blog\ThinkPHP\Lib\Core\Db.class.php 第 605 行.
SQL: SELECT COUNT(*) AS tp_count FROM `wl_article` LIMIT 1   [ RunTime:0.000000s ]
SQL: select a.id, a.title, a.create_date, b.name as catename, c.nickname, d.tag_name
from wl_article a
left join wl_cate b on a.cid = b.id
left join wl_user c on a.user_id = c.id
left join wl_article_tag d on a.id = d.article_id 
limit 16 , 5 [ RunTime:0.001000s ]

[ 2015-08-10T16:53:04+08:00 ] 127.0.0.1 /randomArticle
INFO: [ app_begin ] --START--
INFO: ReadHtmlCache Behavior ::run [ RunTime:0.001001s ]
INFO: [ app_begin ] --END-- [ RunTime:0.001001s ]
NOTIC: [8192] mysql_connect(): The mysql extension is deprecated and will be removed in the future: use mysqli or PDO instead E:\huasuhui\GRProject\blog\ThinkPHP\Lib\Driver\Db\DbMysql.class.php 第 55 行.
SQL: SHOW COLUMNS FROM `wl_article` [ RunTime:0.004000s ]
NOTIC: [8192] preg_replace(): The /e modifier is deprecated, use preg_replace_callback instead E:\huasuhui\GRProject\blog\ThinkPHP\Lib\Core\Db.class.php 第 605 行.
SQL: SELECT COUNT(*) AS tp_count FROM `wl_article` LIMIT 1   [ RunTime:0.001000s ]
SQL: select a.id, a.title, a.create_date, b.name as catename, c.nickname, d.tag_name
from wl_article a
left join wl_cate b on a.cid = b.id
left join wl_user c on a.user_id = c.id
left join wl_article_tag d on a.id = d.article_id 
limit 1 , 5 [ RunTime:0.001000s ]

[ 2015-08-10T16:53:05+08:00 ] 127.0.0.1 /randomArticle
INFO: [ app_begin ] --START--
INFO: ReadHtmlCache Behavior ::run [ RunTime:0.001000s ]
INFO: [ app_begin ] --END-- [ RunTime:0.001000s ]
NOTIC: [8192] mysql_connect(): The mysql extension is deprecated and will be removed in the future: use mysqli or PDO instead E:\huasuhui\GRProject\blog\ThinkPHP\Lib\Driver\Db\DbMysql.class.php 第 55 行.
SQL: SHOW COLUMNS FROM `wl_article` [ RunTime:0.002000s ]
NOTIC: [8192] preg_replace(): The /e modifier is deprecated, use preg_replace_callback instead E:\huasuhui\GRProject\blog\ThinkPHP\Lib\Core\Db.class.php 第 605 行.
SQL: SELECT COUNT(*) AS tp_count FROM `wl_article` LIMIT 1   [ RunTime:0.000000s ]
SQL: select a.id, a.title, a.create_date, b.name as catename, c.nickname, d.tag_name
from wl_article a
left join wl_cate b on a.cid = b.id
left join wl_user c on a.user_id = c.id
left join wl_article_tag d on a.id = d.article_id 
limit 17 , 5 [ RunTime:0.001001s ]

[ 2015-08-10T16:53:05+08:00 ] 127.0.0.1 /randomArticle
INFO: [ app_begin ] --START--
INFO: ReadHtmlCache Behavior ::run [ RunTime:0.002000s ]
INFO: [ app_begin ] --END-- [ RunTime:0.002000s ]
NOTIC: [8192] mysql_connect(): The mysql extension is deprecated and will be removed in the future: use mysqli or PDO instead E:\huasuhui\GRProject\blog\ThinkPHP\Lib\Driver\Db\DbMysql.class.php 第 55 行.
SQL: SHOW COLUMNS FROM `wl_article` [ RunTime:0.003000s ]
NOTIC: [8192] preg_replace(): The /e modifier is deprecated, use preg_replace_callback instead E:\huasuhui\GRProject\blog\ThinkPHP\Lib\Core\Db.class.php 第 605 行.
SQL: SELECT COUNT(*) AS tp_count FROM `wl_article` LIMIT 1   [ RunTime:0.001000s ]
SQL: select a.id, a.title, a.create_date, b.name as catename, c.nickname, d.tag_name
from wl_article a
left join wl_cate b on a.cid = b.id
left join wl_user c on a.user_id = c.id
left join wl_article_tag d on a.id = d.article_id 
limit 26 , 5 [ RunTime:0.000000s ]

[ 2015-08-10T16:53:06+08:00 ] 127.0.0.1 /randomArticle
INFO: [ app_begin ] --START--
INFO: ReadHtmlCache Behavior ::run [ RunTime:0.001000s ]
INFO: [ app_begin ] --END-- [ RunTime:0.001000s ]
NOTIC: [8192] mysql_connect(): The mysql extension is deprecated and will be removed in the future: use mysqli or PDO instead E:\huasuhui\GRProject\blog\ThinkPHP\Lib\Driver\Db\DbMysql.class.php 第 55 行.
SQL: SHOW COLUMNS FROM `wl_article` [ RunTime:0.003000s ]
NOTIC: [8192] preg_replace(): The /e modifier is deprecated, use preg_replace_callback instead E:\huasuhui\GRProject\blog\ThinkPHP\Lib\Core\Db.class.php 第 605 行.
SQL: SELECT COUNT(*) AS tp_count FROM `wl_article` LIMIT 1   [ RunTime:0.000000s ]
SQL: select a.id, a.title, a.create_date, b.name as catename, c.nickname, d.tag_name
from wl_article a
left join wl_cate b on a.cid = b.id
left join wl_user c on a.user_id = c.id
left join wl_article_tag d on a.id = d.article_id 
limit 18 , 5 [ RunTime:0.000000s ]

[ 2015-08-10T16:53:06+08:00 ] 127.0.0.1 /randomArticle
INFO: [ app_begin ] --START--
INFO: ReadHtmlCache Behavior ::run [ RunTime:0.000000s ]
INFO: [ app_begin ] --END-- [ RunTime:0.000000s ]
NOTIC: [8192] mysql_connect(): The mysql extension is deprecated and will be removed in the future: use mysqli or PDO instead E:\huasuhui\GRProject\blog\ThinkPHP\Lib\Driver\Db\DbMysql.class.php 第 55 行.
SQL: SHOW COLUMNS FROM `wl_article` [ RunTime:0.003000s ]
NOTIC: [8192] preg_replace(): The /e modifier is deprecated, use preg_replace_callback instead E:\huasuhui\GRProject\blog\ThinkPHP\Lib\Core\Db.class.php 第 605 行.
SQL: SELECT COUNT(*) AS tp_count FROM `wl_article` LIMIT 1   [ RunTime:0.000000s ]
SQL: select a.id, a.title, a.create_date, b.name as catename, c.nickname, d.tag_name
from wl_article a
left join wl_cate b on a.cid = b.id
left join wl_user c on a.user_id = c.id
left join wl_article_tag d on a.id = d.article_id 
limit 25 , 5 [ RunTime:0.000000s ]

[ 2015-08-10T16:53:06+08:00 ] 127.0.0.1 /randomArticle
INFO: [ app_begin ] --START--
INFO: ReadHtmlCache Behavior ::run [ RunTime:0.001000s ]
INFO: [ app_begin ] --END-- [ RunTime:0.001000s ]
NOTIC: [8192] mysql_connect(): The mysql extension is deprecated and will be removed in the future: use mysqli or PDO instead E:\huasuhui\GRProject\blog\ThinkPHP\Lib\Driver\Db\DbMysql.class.php 第 55 行.
SQL: SHOW COLUMNS FROM `wl_article` [ RunTime:0.003001s ]
NOTIC: [8192] preg_replace(): The /e modifier is deprecated, use preg_replace_callback instead E:\huasuhui\GRProject\blog\ThinkPHP\Lib\Core\Db.class.php 第 605 行.
SQL: SELECT COUNT(*) AS tp_count FROM `wl_article` LIMIT 1   [ RunTime:0.000000s ]
SQL: select a.id, a.title, a.create_date, b.name as catename, c.nickname, d.tag_name
from wl_article a
left join wl_cate b on a.cid = b.id
left join wl_user c on a.user_id = c.id
left join wl_article_tag d on a.id = d.article_id 
limit 16 , 5 [ RunTime:0.000000s ]

[ 2015-08-10T16:53:07+08:00 ] 127.0.0.1 /randomArticle
INFO: [ app_begin ] --START--
INFO: ReadHtmlCache Behavior ::run [ RunTime:0.001001s ]
INFO: [ app_begin ] --END-- [ RunTime:0.001001s ]
NOTIC: [8192] mysql_connect(): The mysql extension is deprecated and will be removed in the future: use mysqli or PDO instead E:\huasuhui\GRProject\blog\ThinkPHP\Lib\Driver\Db\DbMysql.class.php 第 55 行.
SQL: SHOW COLUMNS FROM `wl_article` [ RunTime:0.003000s ]
NOTIC: [8192] preg_replace(): The /e modifier is deprecated, use preg_replace_callback instead E:\huasuhui\GRProject\blog\ThinkPHP\Lib\Core\Db.class.php 第 605 行.
SQL: SELECT COUNT(*) AS tp_count FROM `wl_article` LIMIT 1   [ RunTime:0.000000s ]
SQL: select a.id, a.title, a.create_date, b.name as catename, c.nickname, d.tag_name
from wl_article a
left join wl_cate b on a.cid = b.id
left join wl_user c on a.user_id = c.id
left join wl_article_tag d on a.id = d.article_id 
limit 14 , 5 [ RunTime:0.001000s ]

[ 2015-08-10T16:53:07+08:00 ] 127.0.0.1 /randomArticle
INFO: [ app_begin ] --START--
INFO: ReadHtmlCache Behavior ::run [ RunTime:0.000000s ]
INFO: [ app_begin ] --END-- [ RunTime:0.000000s ]
NOTIC: [8192] mysql_connect(): The mysql extension is deprecated and will be removed in the future: use mysqli or PDO instead E:\huasuhui\GRProject\blog\ThinkPHP\Lib\Driver\Db\DbMysql.class.php 第 55 行.
SQL: SHOW COLUMNS FROM `wl_article` [ RunTime:0.003000s ]
NOTIC: [8192] preg_replace(): The /e modifier is deprecated, use preg_replace_callback instead E:\huasuhui\GRProject\blog\ThinkPHP\Lib\Core\Db.class.php 第 605 行.
SQL: SELECT COUNT(*) AS tp_count FROM `wl_article` LIMIT 1   [ RunTime:0.001000s ]
SQL: select a.id, a.title, a.create_date, b.name as catename, c.nickname, d.tag_name
from wl_article a
left join wl_cate b on a.cid = b.id
left join wl_user c on a.user_id = c.id
left join wl_article_tag d on a.id = d.article_id 
limit 2 , 5 [ RunTime:0.000000s ]

[ 2015-08-10T16:53:10+08:00 ] 127.0.0.1 /randomArticle
INFO: [ app_begin ] --START--
INFO: ReadHtmlCache Behavior ::run [ RunTime:0.001000s ]
INFO: [ app_begin ] --END-- [ RunTime:0.001000s ]
NOTIC: [8192] mysql_connect(): The mysql extension is deprecated and will be removed in the future: use mysqli or PDO instead E:\huasuhui\GRProject\blog\ThinkPHP\Lib\Driver\Db\DbMysql.class.php 第 55 行.
SQL: SHOW COLUMNS FROM `wl_article` [ RunTime:0.003000s ]
NOTIC: [8192] preg_replace(): The /e modifier is deprecated, use preg_replace_callback instead E:\huasuhui\GRProject\blog\ThinkPHP\Lib\Core\Db.class.php 第 605 行.
SQL: SELECT COUNT(*) AS tp_count FROM `wl_article` LIMIT 1   [ RunTime:0.000000s ]
SQL: select a.id, a.title, a.create_date, b.name as catename, c.nickname, d.tag_name
from wl_article a
left join wl_cate b on a.cid = b.id
left join wl_user c on a.user_id = c.id
left join wl_article_tag d on a.id = d.article_id 
limit 6 , 5 [ RunTime:0.000000s ]

[ 2015-08-10T17:06:29+08:00 ] 127.0.0.1 /randomArticle
INFO: [ app_begin ] --START--
INFO: ReadHtmlCache Behavior ::run [ RunTime:0.000000s ]
INFO: [ app_begin ] --END-- [ RunTime:0.001000s ]
NOTIC: [8192] mysql_connect(): The mysql extension is deprecated and will be removed in the future: use mysqli or PDO instead E:\huasuhui\GRProject\blog\ThinkPHP\Lib\Driver\Db\DbMysql.class.php 第 55 行.
SQL: SHOW COLUMNS FROM `wl_article` [ RunTime:0.005000s ]
NOTIC: [8192] preg_replace(): The /e modifier is deprecated, use preg_replace_callback instead E:\huasuhui\GRProject\blog\ThinkPHP\Lib\Core\Db.class.php 第 605 行.
SQL: SELECT COUNT(*) AS tp_count FROM `wl_article` LIMIT 1   [ RunTime:0.001000s ]
SQL: select a.id, a.title, a.create_date, b.name as catename, c.nickname, d.tag_name
from wl_article a
left join wl_cate b on a.cid = b.id
left join wl_user c on a.user_id = c.id
left join wl_article_tag d on a.id = d.article_id 
limit 23 , 5 [ RunTime:0.000000s ]

[ 2015-08-10T17:06:29+08:00 ] 127.0.0.1 /randomArticle
INFO: [ app_begin ] --START--
INFO: ReadHtmlCache Behavior ::run [ RunTime:0.001000s ]
INFO: [ app_begin ] --END-- [ RunTime:0.001000s ]
NOTIC: [8192] mysql_connect(): The mysql extension is deprecated and will be removed in the future: use mysqli or PDO instead E:\huasuhui\GRProject\blog\ThinkPHP\Lib\Driver\Db\DbMysql.class.php 第 55 行.
SQL: SHOW COLUMNS FROM `wl_article` [ RunTime:0.003000s ]
NOTIC: [8192] preg_replace(): The /e modifier is deprecated, use preg_replace_callback instead E:\huasuhui\GRProject\blog\ThinkPHP\Lib\Core\Db.class.php 第 605 行.
SQL: SELECT COUNT(*) AS tp_count FROM `wl_article` LIMIT 1   [ RunTime:0.000000s ]
SQL: select a.id, a.title, a.create_date, b.name as catename, c.nickname, d.tag_name
from wl_article a
left join wl_cate b on a.cid = b.id
left join wl_user c on a.user_id = c.id
left join wl_article_tag d on a.id = d.article_id 
limit 5 , 5 [ RunTime:0.000000s ]

[ 2015-08-10T17:06:36+08:00 ] 127.0.0.1 /randomArticle
INFO: [ app_begin ] --START--
INFO: ReadHtmlCache Behavior ::run [ RunTime:0.001000s ]
INFO: [ app_begin ] --END-- [ RunTime:0.002000s ]
NOTIC: [8192] mysql_connect(): The mysql extension is deprecated and will be removed in the future: use mysqli or PDO instead E:\huasuhui\GRProject\blog\ThinkPHP\Lib\Driver\Db\DbMysql.class.php 第 55 行.
SQL: SHOW COLUMNS FROM `wl_article` [ RunTime:0.003000s ]
NOTIC: [8192] preg_replace(): The /e modifier is deprecated, use preg_replace_callback instead E:\huasuhui\GRProject\blog\ThinkPHP\Lib\Core\Db.class.php 第 605 行.
SQL: SELECT COUNT(*) AS tp_count FROM `wl_article` LIMIT 1   [ RunTime:0.000000s ]
SQL: select a.id, a.title, a.create_date, b.name as catename, c.nickname, d.tag_name
from wl_article a
left join wl_cate b on a.cid = b.id
left join wl_user c on a.user_id = c.id
left join wl_article_tag d on a.id = d.article_id 
limit 22 , 5 [ RunTime:0.001001s ]

[ 2015-08-10T19:03:46+08:00 ] 127.0.0.1 /randomArticle
INFO: [ app_begin ] --START--
INFO: ReadHtmlCache Behavior ::run [ RunTime:0.000000s ]
INFO: [ app_begin ] --END-- [ RunTime:0.000000s ]
NOTIC: [8192] mysql_connect(): The mysql extension is deprecated and will be removed in the future: use mysqli or PDO instead E:\huasuhui\GRProject\blog\ThinkPHP\Lib\Driver\Db\DbMysql.class.php 第 55 行.
SQL: SHOW COLUMNS FROM `wl_article` [ RunTime:0.003000s ]
NOTIC: [8192] preg_replace(): The /e modifier is deprecated, use preg_replace_callback instead E:\huasuhui\GRProject\blog\ThinkPHP\Lib\Core\Db.class.php 第 605 行.
SQL: SELECT COUNT(*) AS tp_count FROM `wl_article` LIMIT 1   [ RunTime:0.000000s ]
SQL: select a.id, a.title, a.create_date, b.name as catename, c.nickname, d.tag_name
from wl_article a
left join wl_cate b on a.cid = b.id
left join wl_user c on a.user_id = c.id
left join wl_article_tag d on a.id = d.article_id 
limit 7 , 5 [ RunTime:0.000000s ]

[ 2015-08-10T19:03:57+08:00 ] 127.0.0.1 /randomArticle
INFO: [ app_begin ] --START--
INFO: ReadHtmlCache Behavior ::run [ RunTime:0.000000s ]
INFO: [ app_begin ] --END-- [ RunTime:0.000000s ]
NOTIC: [8192] mysql_connect(): The mysql extension is deprecated and will be removed in the future: use mysqli or PDO instead E:\huasuhui\GRProject\blog\ThinkPHP\Lib\Driver\Db\DbMysql.class.php 第 55 行.
SQL: SHOW COLUMNS FROM `wl_article` [ RunTime:0.003000s ]
NOTIC: [8192] preg_replace(): The /e modifier is deprecated, use preg_replace_callback instead E:\huasuhui\GRProject\blog\ThinkPHP\Lib\Core\Db.class.php 第 605 行.
SQL: SELECT COUNT(*) AS tp_count FROM `wl_article` LIMIT 1   [ RunTime:0.001000s ]
SQL: select a.id, a.title, a.create_date, b.name as catename, c.nickname, d.tag_name
from wl_article a
left join wl_cate b on a.cid = b.id
left join wl_user c on a.user_id = c.id
left join wl_article_tag d on a.id = d.article_id 
limit 19 , 5 [ RunTime:0.001000s ]

[ 2015-08-10T19:04:18+08:00 ] 127.0.0.1 /randomArticle
INFO: [ app_begin ] --START--
INFO: ReadHtmlCache Behavior ::run [ RunTime:0.001001s ]
INFO: [ app_begin ] --END-- [ RunTime:0.001001s ]
NOTIC: [8192] mysql_connect(): The mysql extension is deprecated and will be removed in the future: use mysqli or PDO instead E:\huasuhui\GRProject\blog\ThinkPHP\Lib\Driver\Db\DbMysql.class.php 第 55 行.
SQL: SHOW COLUMNS FROM `wl_article` [ RunTime:0.003000s ]
NOTIC: [8192] preg_replace(): The /e modifier is deprecated, use preg_replace_callback instead E:\huasuhui\GRProject\blog\ThinkPHP\Lib\Core\Db.class.php 第 605 行.
SQL: SELECT COUNT(*) AS tp_count FROM `wl_article` LIMIT 1   [ RunTime:0.000000s ]
SQL: select a.id, a.title, a.create_date, b.name as catename, c.nickname, d.tag_name
from wl_article a
left join wl_cate b on a.cid = b.id
left join wl_user c on a.user_id = c.id
left join wl_article_tag d on a.id = d.article_id 
limit 3 , 5 [ RunTime:0.000000s ]

[ 2015-08-10T19:04:26+08:00 ] 127.0.0.1 /randomArticle
INFO: [ app_begin ] --START--
INFO: ReadHtmlCache Behavior ::run [ RunTime:0.000000s ]
INFO: [ app_begin ] --END-- [ RunTime:0.001000s ]
NOTIC: [8192] mysql_connect(): The mysql extension is deprecated and will be removed in the future: use mysqli or PDO instead E:\huasuhui\GRProject\blog\ThinkPHP\Lib\Driver\Db\DbMysql.class.php 第 55 行.
SQL: SHOW COLUMNS FROM `wl_article` [ RunTime:0.003000s ]
NOTIC: [8192] preg_replace(): The /e modifier is deprecated, use preg_replace_callback instead E:\huasuhui\GRProject\blog\ThinkPHP\Lib\Core\Db.class.php 第 605 行.
SQL: SELECT COUNT(*) AS tp_count FROM `wl_article` LIMIT 1   [ RunTime:0.000000s ]
SQL: select a.id, a.title, a.create_date, b.name as catename, c.nickname, d.tag_name
from wl_article a
left join wl_cate b on a.cid = b.id
left join wl_user c on a.user_id = c.id
left join wl_article_tag d on a.id = d.article_id 
limit 24 , 5 [ RunTime:0.000000s ]

[ 2015-08-10T19:04:35+08:00 ] 127.0.0.1 /randomArticle
INFO: [ app_begin ] --START--
INFO: ReadHtmlCache Behavior ::run [ RunTime:0.002000s ]
INFO: [ app_begin ] --END-- [ RunTime:0.002000s ]
NOTIC: [8192] mysql_connect(): The mysql extension is deprecated and will be removed in the future: use mysqli or PDO instead E:\huasuhui\GRProject\blog\ThinkPHP\Lib\Driver\Db\DbMysql.class.php 第 55 行.
SQL: SHOW COLUMNS FROM `wl_article` [ RunTime:0.002000s ]
NOTIC: [8192] preg_replace(): The /e modifier is deprecated, use preg_replace_callback instead E:\huasuhui\GRProject\blog\ThinkPHP\Lib\Core\Db.class.php 第 605 行.
SQL: SELECT COUNT(*) AS tp_count FROM `wl_article` LIMIT 1   [ RunTime:0.000000s ]
SQL: select a.id, a.title, a.create_date, b.name as catename, c.nickname, d.tag_name
from wl_article a
left join wl_cate b on a.cid = b.id
left join wl_user c on a.user_id = c.id
left join wl_article_tag d on a.id = d.article_id 
limit 11 , 5 [ RunTime:0.000000s ]

[ 2015-08-10T19:04:58+08:00 ] 127.0.0.1 /randomArticle
INFO: [ app_begin ] --START--
INFO: ReadHtmlCache Behavior ::run [ RunTime:0.000000s ]
INFO: [ app_begin ] --END-- [ RunTime:0.002000s ]
NOTIC: [8192] mysql_connect(): The mysql extension is deprecated and will be removed in the future: use mysqli or PDO instead E:\huasuhui\GRProject\blog\ThinkPHP\Lib\Driver\Db\DbMysql.class.php 第 55 行.
SQL: SHOW COLUMNS FROM `wl_article` [ RunTime:0.003000s ]
NOTIC: [8192] preg_replace(): The /e modifier is deprecated, use preg_replace_callback instead E:\huasuhui\GRProject\blog\ThinkPHP\Lib\Core\Db.class.php 第 605 行.
SQL: SELECT COUNT(*) AS tp_count FROM `wl_article` LIMIT 1   [ RunTime:0.001000s ]
SQL: select a.id, a.title, a.create_date, b.name as catename, c.nickname, d.tag_name
from wl_article a
left join wl_cate b on a.cid = b.id
left join wl_user c on a.user_id = c.id
left join wl_article_tag d on a.id = d.article_id 
limit 11 , 5 [ RunTime:0.000000s ]

[ 2015-08-10T19:04:59+08:00 ] 127.0.0.1 /randomArticle
INFO: [ app_begin ] --START--
INFO: ReadHtmlCache Behavior ::run [ RunTime:0.001000s ]
INFO: [ app_begin ] --END-- [ RunTime:0.001000s ]
NOTIC: [8192] mysql_connect(): The mysql extension is deprecated and will be removed in the future: use mysqli or PDO instead E:\huasuhui\GRProject\blog\ThinkPHP\Lib\Driver\Db\DbMysql.class.php 第 55 行.
SQL: SHOW COLUMNS FROM `wl_article` [ RunTime:0.003001s ]
NOTIC: [8192] preg_replace(): The /e modifier is deprecated, use preg_replace_callback instead E:\huasuhui\GRProject\blog\ThinkPHP\Lib\Core\Db.class.php 第 605 行.
SQL: SELECT COUNT(*) AS tp_count FROM `wl_article` LIMIT 1   [ RunTime:0.000000s ]
SQL: select a.id, a.title, a.create_date, b.name as catename, c.nickname, d.tag_name
from wl_article a
left join wl_cate b on a.cid = b.id
left join wl_user c on a.user_id = c.id
left join wl_article_tag d on a.id = d.article_id 
limit 20 , 5 [ RunTime:0.000000s ]

[ 2015-08-10T19:04:59+08:00 ] 127.0.0.1 /randomArticle
INFO: [ app_begin ] --START--
INFO: ReadHtmlCache Behavior ::run [ RunTime:0.001000s ]
INFO: [ app_begin ] --END-- [ RunTime:0.002000s ]
NOTIC: [8192] mysql_connect(): The mysql extension is deprecated and will be removed in the future: use mysqli or PDO instead E:\huasuhui\GRProject\blog\ThinkPHP\Lib\Driver\Db\DbMysql.class.php 第 55 行.
SQL: SHOW COLUMNS FROM `wl_article` [ RunTime:0.004000s ]
NOTIC: [8192] preg_replace(): The /e modifier is deprecated, use preg_replace_callback instead E:\huasuhui\GRProject\blog\ThinkPHP\Lib\Core\Db.class.php 第 605 行.
SQL: SELECT COUNT(*) AS tp_count FROM `wl_article` LIMIT 1   [ RunTime:0.001000s ]
SQL: select a.id, a.title, a.create_date, b.name as catename, c.nickname, d.tag_name
from wl_article a
left join wl_cate b on a.cid = b.id
left join wl_user c on a.user_id = c.id
left join wl_article_tag d on a.id = d.article_id 
limit 6 , 5 [ RunTime:0.000000s ]

[ 2015-08-10T19:04:59+08:00 ] 127.0.0.1 /randomArticle
INFO: [ app_begin ] --START--
INFO: ReadHtmlCache Behavior ::run [ RunTime:0.000000s ]
INFO: [ app_begin ] --END-- [ RunTime:0.000000s ]
NOTIC: [8192] mysql_connect(): The mysql extension is deprecated and will be removed in the future: use mysqli or PDO instead E:\huasuhui\GRProject\blog\ThinkPHP\Lib\Driver\Db\DbMysql.class.php 第 55 行.
SQL: SHOW COLUMNS FROM `wl_article` [ RunTime:0.003000s ]
NOTIC: [8192] preg_replace(): The /e modifier is deprecated, use preg_replace_callback instead E:\huasuhui\GRProject\blog\ThinkPHP\Lib\Core\Db.class.php 第 605 行.
SQL: SELECT COUNT(*) AS tp_count FROM `wl_article` LIMIT 1   [ RunTime:0.000000s ]
SQL: select a.id, a.title, a.create_date, b.name as catename, c.nickname, d.tag_name
from wl_article a
left join wl_cate b on a.cid = b.id
left join wl_user c on a.user_id = c.id
left join wl_article_tag d on a.id = d.article_id 
limit 17 , 5 [ RunTime:0.001000s ]

[ 2015-08-10T19:06:08+08:00 ] 127.0.0.1 /randomArticle
INFO: [ app_begin ] --START--
INFO: ReadHtmlCache Behavior ::run [ RunTime:0.001000s ]
INFO: [ app_begin ] --END-- [ RunTime:0.001000s ]
NOTIC: [8192] mysql_connect(): The mysql extension is deprecated and will be removed in the future: use mysqli or PDO instead E:\huasuhui\GRProject\blog\ThinkPHP\Lib\Driver\Db\DbMysql.class.php 第 55 行.
SQL: SHOW COLUMNS FROM `wl_article` [ RunTime:0.003000s ]
NOTIC: [8192] preg_replace(): The /e modifier is deprecated, use preg_replace_callback instead E:\huasuhui\GRProject\blog\ThinkPHP\Lib\Core\Db.class.php 第 605 行.
SQL: SELECT COUNT(*) AS tp_count FROM `wl_article` LIMIT 1   [ RunTime:0.000000s ]
SQL: select a.id, a.title, a.create_date, b.name as catename, c.nickname, d.tag_name
from wl_article a
left join wl_cate b on a.cid = b.id
left join wl_user c on a.user_id = c.id
left join wl_article_tag d on a.id = d.article_id 
limit 0 , 5 [ RunTime:0.001000s ]

[ 2015-08-10T19:06:21+08:00 ] 127.0.0.1 /randomArticle
INFO: [ app_begin ] --START--
INFO: ReadHtmlCache Behavior ::run [ RunTime:0.000000s ]
INFO: [ app_begin ] --END-- [ RunTime:0.000000s ]
NOTIC: [8192] mysql_connect(): The mysql extension is deprecated and will be removed in the future: use mysqli or PDO instead E:\huasuhui\GRProject\blog\ThinkPHP\Lib\Driver\Db\DbMysql.class.php 第 55 行.
SQL: SHOW COLUMNS FROM `wl_article` [ RunTime:0.003000s ]
NOTIC: [8192] preg_replace(): The /e modifier is deprecated, use preg_replace_callback instead E:\huasuhui\GRProject\blog\ThinkPHP\Lib\Core\Db.class.php 第 605 行.
SQL: SELECT COUNT(*) AS tp_count FROM `wl_article` LIMIT 1   [ RunTime:0.001000s ]
SQL: select a.id, a.title, a.create_date, b.name as catename, c.nickname, d.tag_name
from wl_article a
left join wl_cate b on a.cid = b.id
left join wl_user c on a.user_id = c.id
left join wl_article_tag d on a.id = d.article_id 
limit 21 , 5 [ RunTime:0.000000s ]

[ 2015-08-10T19:06:27+08:00 ] 127.0.0.1 /randomArticle
INFO: [ app_begin ] --START--
INFO: ReadHtmlCache Behavior ::run [ RunTime:0.001000s ]
INFO: [ app_begin ] --END-- [ RunTime:0.001000s ]
NOTIC: [8192] mysql_connect(): The mysql extension is deprecated and will be removed in the future: use mysqli or PDO instead E:\huasuhui\GRProject\blog\ThinkPHP\Lib\Driver\Db\DbMysql.class.php 第 55 行.
SQL: SHOW COLUMNS FROM `wl_article` [ RunTime:0.002000s ]
NOTIC: [8192] preg_replace(): The /e modifier is deprecated, use preg_replace_callback instead E:\huasuhui\GRProject\blog\ThinkPHP\Lib\Core\Db.class.php 第 605 行.
SQL: SELECT COUNT(*) AS tp_count FROM `wl_article` LIMIT 1   [ RunTime:0.000000s ]
SQL: select a.id, a.title, a.create_date, b.name as catename, c.nickname, d.tag_name
from wl_article a
left join wl_cate b on a.cid = b.id
left join wl_user c on a.user_id = c.id
left join wl_article_tag d on a.id = d.article_id 
limit 11 , 5 [ RunTime:0.001000s ]

[ 2015-08-10T19:06:28+08:00 ] 127.0.0.1 /randomArticle
INFO: [ app_begin ] --START--
INFO: ReadHtmlCache Behavior ::run [ RunTime:0.000000s ]
INFO: [ app_begin ] --END-- [ RunTime:0.000000s ]
NOTIC: [8192] mysql_connect(): The mysql extension is deprecated and will be removed in the future: use mysqli or PDO instead E:\huasuhui\GRProject\blog\ThinkPHP\Lib\Driver\Db\DbMysql.class.php 第 55 行.
SQL: SHOW COLUMNS FROM `wl_article` [ RunTime:0.003001s ]
NOTIC: [8192] preg_replace(): The /e modifier is deprecated, use preg_replace_callback instead E:\huasuhui\GRProject\blog\ThinkPHP\Lib\Core\Db.class.php 第 605 行.
SQL: SELECT COUNT(*) AS tp_count FROM `wl_article` LIMIT 1   [ RunTime:0.000000s ]
SQL: select a.id, a.title, a.create_date, b.name as catename, c.nickname, d.tag_name
from wl_article a
left join wl_cate b on a.cid = b.id
left join wl_user c on a.user_id = c.id
left join wl_article_tag d on a.id = d.article_id 
limit 7 , 5 [ RunTime:0.000000s ]

[ 2015-08-10T19:07:59+08:00 ] 127.0.0.1 /randomArticle
INFO: [ app_begin ] --START--
INFO: ReadHtmlCache Behavior ::run [ RunTime:0.000000s ]
INFO: [ app_begin ] --END-- [ RunTime:0.000000s ]
NOTIC: [8192] mysql_connect(): The mysql extension is deprecated and will be removed in the future: use mysqli or PDO instead E:\huasuhui\GRProject\blog\ThinkPHP\Lib\Driver\Db\DbMysql.class.php 第 55 行.
SQL: SHOW COLUMNS FROM `wl_article` [ RunTime:0.003000s ]
NOTIC: [8192] preg_replace(): The /e modifier is deprecated, use preg_replace_callback instead E:\huasuhui\GRProject\blog\ThinkPHP\Lib\Core\Db.class.php 第 605 行.
SQL: SELECT COUNT(*) AS tp_count FROM `wl_article` LIMIT 1   [ RunTime:0.000000s ]
SQL: select a.id, a.title, a.create_date, b.name as catename, c.nickname, d.tag_name
from wl_article a
left join wl_cate b on a.cid = b.id
left join wl_user c on a.user_id = c.id
left join wl_article_tag d on a.id = d.article_id 
limit 19 , 5 [ RunTime:0.001000s ]

[ 2015-08-10T19:08:00+08:00 ] 127.0.0.1 /randomArticle
INFO: [ app_begin ] --START--
INFO: ReadHtmlCache Behavior ::run [ RunTime:0.001000s ]
INFO: [ app_begin ] --END-- [ RunTime:0.002000s ]
NOTIC: [8192] mysql_connect(): The mysql extension is deprecated and will be removed in the future: use mysqli or PDO instead E:\huasuhui\GRProject\blog\ThinkPHP\Lib\Driver\Db\DbMysql.class.php 第 55 行.
SQL: SHOW COLUMNS FROM `wl_article` [ RunTime:0.003000s ]
NOTIC: [8192] preg_replace(): The /e modifier is deprecated, use preg_replace_callback instead E:\huasuhui\GRProject\blog\ThinkPHP\Lib\Core\Db.class.php 第 605 行.
SQL: SELECT COUNT(*) AS tp_count FROM `wl_article` LIMIT 1   [ RunTime:0.000000s ]
SQL: select a.id, a.title, a.create_date, b.name as catename, c.nickname, d.tag_name
from wl_article a
left join wl_cate b on a.cid = b.id
left join wl_user c on a.user_id = c.id
left join wl_article_tag d on a.id = d.article_id 
limit 18 , 5 [ RunTime:0.000000s ]

[ 2015-08-10T19:08:01+08:00 ] 127.0.0.1 /randomArticle
INFO: [ app_begin ] --START--
INFO: ReadHtmlCache Behavior ::run [ RunTime:0.001000s ]
INFO: [ app_begin ] --END-- [ RunTime:0.001000s ]
NOTIC: [8192] mysql_connect(): The mysql extension is deprecated and will be removed in the future: use mysqli or PDO instead E:\huasuhui\GRProject\blog\ThinkPHP\Lib\Driver\Db\DbMysql.class.php 第 55 行.
SQL: SHOW COLUMNS FROM `wl_article` [ RunTime:0.003000s ]
NOTIC: [8192] preg_replace(): The /e modifier is deprecated, use preg_replace_callback instead E:\huasuhui\GRProject\blog\ThinkPHP\Lib\Core\Db.class.php 第 605 行.
SQL: SELECT COUNT(*) AS tp_count FROM `wl_article` LIMIT 1   [ RunTime:0.000000s ]
SQL: select a.id, a.title, a.create_date, b.name as catename, c.nickname, d.tag_name
from wl_article a
left join wl_cate b on a.cid = b.id
left join wl_user c on a.user_id = c.id
left join wl_article_tag d on a.id = d.article_id 
limit 6 , 5 [ RunTime:0.000000s ]

[ 2015-08-10T19:08:01+08:00 ] 127.0.0.1 /randomArticle
INFO: [ app_begin ] --START--
INFO: ReadHtmlCache Behavior ::run [ RunTime:0.001000s ]
INFO: [ app_begin ] --END-- [ RunTime:0.001000s ]
NOTIC: [8192] mysql_connect(): The mysql extension is deprecated and will be removed in the future: use mysqli or PDO instead E:\huasuhui\GRProject\blog\ThinkPHP\Lib\Driver\Db\DbMysql.class.php 第 55 行.
SQL: SHOW COLUMNS FROM `wl_article` [ RunTime:0.003000s ]
NOTIC: [8192] preg_replace(): The /e modifier is deprecated, use preg_replace_callback instead E:\huasuhui\GRProject\blog\ThinkPHP\Lib\Core\Db.class.php 第 605 行.
SQL: SELECT COUNT(*) AS tp_count FROM `wl_article` LIMIT 1   [ RunTime:0.000000s ]
SQL: select a.id, a.title, a.create_date, b.name as catename, c.nickname, d.tag_name
from wl_article a
left join wl_cate b on a.cid = b.id
left join wl_user c on a.user_id = c.id
left join wl_article_tag d on a.id = d.article_id 
limit 17 , 5 [ RunTime:0.000000s ]

[ 2015-08-10T19:08:02+08:00 ] 127.0.0.1 /randomArticle
INFO: [ app_begin ] --START--
INFO: ReadHtmlCache Behavior ::run [ RunTime:0.001000s ]
INFO: [ app_begin ] --END-- [ RunTime:0.001000s ]
NOTIC: [8192] mysql_connect(): The mysql extension is deprecated and will be removed in the future: use mysqli or PDO instead E:\huasuhui\GRProject\blog\ThinkPHP\Lib\Driver\Db\DbMysql.class.php 第 55 行.
SQL: SHOW COLUMNS FROM `wl_article` [ RunTime:0.003001s ]
NOTIC: [8192] preg_replace(): The /e modifier is deprecated, use preg_replace_callback instead E:\huasuhui\GRProject\blog\ThinkPHP\Lib\Core\Db.class.php 第 605 行.
SQL: SELECT COUNT(*) AS tp_count FROM `wl_article` LIMIT 1   [ RunTime:0.001000s ]
SQL: select a.id, a.title, a.create_date, b.name as catename, c.nickname, d.tag_name
from wl_article a
left join wl_cate b on a.cid = b.id
left join wl_user c on a.user_id = c.id
left join wl_article_tag d on a.id = d.article_id 
limit 7 , 5 [ RunTime:0.000000s ]

[ 2015-08-10T19:08:02+08:00 ] 127.0.0.1 /randomArticle
INFO: [ app_begin ] --START--
INFO: ReadHtmlCache Behavior ::run [ RunTime:0.001000s ]
INFO: [ app_begin ] --END-- [ RunTime:0.001000s ]
NOTIC: [8192] mysql_connect(): The mysql extension is deprecated and will be removed in the future: use mysqli or PDO instead E:\huasuhui\GRProject\blog\ThinkPHP\Lib\Driver\Db\DbMysql.class.php 第 55 行.
SQL: SHOW COLUMNS FROM `wl_article` [ RunTime:0.003001s ]
NOTIC: [8192] preg_replace(): The /e modifier is deprecated, use preg_replace_callback instead E:\huasuhui\GRProject\blog\ThinkPHP\Lib\Core\Db.class.php 第 605 行.
SQL: SELECT COUNT(*) AS tp_count FROM `wl_article` LIMIT 1   [ RunTime:0.000000s ]
SQL: select a.id, a.title, a.create_date, b.name as catename, c.nickname, d.tag_name
from wl_article a
left join wl_cate b on a.cid = b.id
left join wl_user c on a.user_id = c.id
left join wl_article_tag d on a.id = d.article_id 
limit 20 , 5 [ RunTime:0.000000s ]

[ 2015-08-10T19:08:03+08:00 ] 127.0.0.1 /randomArticle
INFO: [ app_begin ] --START--
INFO: ReadHtmlCache Behavior ::run [ RunTime:0.001000s ]
INFO: [ app_begin ] --END-- [ RunTime:0.001000s ]
NOTIC: [8192] mysql_connect(): The mysql extension is deprecated and will be removed in the future: use mysqli or PDO instead E:\huasuhui\GRProject\blog\ThinkPHP\Lib\Driver\Db\DbMysql.class.php 第 55 行.
SQL: SHOW COLUMNS FROM `wl_article` [ RunTime:0.003001s ]
NOTIC: [8192] preg_replace(): The /e modifier is deprecated, use preg_replace_callback instead E:\huasuhui\GRProject\blog\ThinkPHP\Lib\Core\Db.class.php 第 605 行.
SQL: SELECT COUNT(*) AS tp_count FROM `wl_article` LIMIT 1   [ RunTime:0.000000s ]
SQL: select a.id, a.title, a.create_date, b.name as catename, c.nickname, d.tag_name
from wl_article a
left join wl_cate b on a.cid = b.id
left join wl_user c on a.user_id = c.id
left join wl_article_tag d on a.id = d.article_id 
limit 12 , 5 [ RunTime:0.000000s ]

[ 2015-08-10T19:08:03+08:00 ] 127.0.0.1 /randomArticle
INFO: [ app_begin ] --START--
INFO: ReadHtmlCache Behavior ::run [ RunTime:0.001000s ]
INFO: [ app_begin ] --END-- [ RunTime:0.001000s ]
NOTIC: [8192] mysql_connect(): The mysql extension is deprecated and will be removed in the future: use mysqli or PDO instead E:\huasuhui\GRProject\blog\ThinkPHP\Lib\Driver\Db\DbMysql.class.php 第 55 行.
SQL: SHOW COLUMNS FROM `wl_article` [ RunTime:0.003000s ]
NOTIC: [8192] preg_replace(): The /e modifier is deprecated, use preg_replace_callback instead E:\huasuhui\GRProject\blog\ThinkPHP\Lib\Core\Db.class.php 第 605 行.
SQL: SELECT COUNT(*) AS tp_count FROM `wl_article` LIMIT 1   [ RunTime:0.000000s ]
SQL: select a.id, a.title, a.create_date, b.name as catename, c.nickname, d.tag_name
from wl_article a
left join wl_cate b on a.cid = b.id
left join wl_user c on a.user_id = c.id
left join wl_article_tag d on a.id = d.article_id 
limit 12 , 5 [ RunTime:0.001000s ]

[ 2015-08-10T19:08:04+08:00 ] 127.0.0.1 /randomArticle
INFO: [ app_begin ] --START--
INFO: ReadHtmlCache Behavior ::run [ RunTime:0.001000s ]
INFO: [ app_begin ] --END-- [ RunTime:0.001000s ]
NOTIC: [8192] mysql_connect(): The mysql extension is deprecated and will be removed in the future: use mysqli or PDO instead E:\huasuhui\GRProject\blog\ThinkPHP\Lib\Driver\Db\DbMysql.class.php 第 55 行.
SQL: SHOW COLUMNS FROM `wl_article` [ RunTime:0.004000s ]
NOTIC: [8192] preg_replace(): The /e modifier is deprecated, use preg_replace_callback instead E:\huasuhui\GRProject\blog\ThinkPHP\Lib\Core\Db.class.php 第 605 行.
SQL: SELECT COUNT(*) AS tp_count FROM `wl_article` LIMIT 1   [ RunTime:0.001000s ]
SQL: select a.id, a.title, a.create_date, b.name as catename, c.nickname, d.tag_name
from wl_article a
left join wl_cate b on a.cid = b.id
left join wl_user c on a.user_id = c.id
left join wl_article_tag d on a.id = d.article_id 
limit 11 , 5 [ RunTime:0.001000s ]

[ 2015-08-10T19:08:05+08:00 ] 127.0.0.1 /randomArticle
INFO: [ app_begin ] --START--
INFO: ReadHtmlCache Behavior ::run [ RunTime:0.001000s ]
INFO: [ app_begin ] --END-- [ RunTime:0.001000s ]
NOTIC: [8192] mysql_connect(): The mysql extension is deprecated and will be removed in the future: use mysqli or PDO instead E:\huasuhui\GRProject\blog\ThinkPHP\Lib\Driver\Db\DbMysql.class.php 第 55 行.
SQL: SHOW COLUMNS FROM `wl_article` [ RunTime:0.003001s ]
NOTIC: [8192] preg_replace(): The /e modifier is deprecated, use preg_replace_callback instead E:\huasuhui\GRProject\blog\ThinkPHP\Lib\Core\Db.class.php 第 605 行.
SQL: SELECT COUNT(*) AS tp_count FROM `wl_article` LIMIT 1   [ RunTime:0.001000s ]
SQL: select a.id, a.title, a.create_date, b.name as catename, c.nickname, d.tag_name
from wl_article a
left join wl_cate b on a.cid = b.id
left join wl_user c on a.user_id = c.id
left join wl_article_tag d on a.id = d.article_id 
limit 8 , 5 [ RunTime:0.000000s ]

[ 2015-08-10T19:08:21+08:00 ] 127.0.0.1 /randomArticle
INFO: [ app_begin ] --START--
INFO: ReadHtmlCache Behavior ::run [ RunTime:0.000000s ]
INFO: [ app_begin ] --END-- [ RunTime:0.001000s ]
NOTIC: [8192] mysql_connect(): The mysql extension is deprecated and will be removed in the future: use mysqli or PDO instead E:\huasuhui\GRProject\blog\ThinkPHP\Lib\Driver\Db\DbMysql.class.php 第 55 行.
SQL: SHOW COLUMNS FROM `wl_article` [ RunTime:0.003001s ]
NOTIC: [8192] preg_replace(): The /e modifier is deprecated, use preg_replace_callback instead E:\huasuhui\GRProject\blog\ThinkPHP\Lib\Core\Db.class.php 第 605 行.
SQL: SELECT COUNT(*) AS tp_count FROM `wl_article` LIMIT 1   [ RunTime:0.000000s ]
SQL: select a.id, a.title, a.create_date, b.name as catename, c.nickname, d.tag_name
from wl_article a
left join wl_cate b on a.cid = b.id
left join wl_user c on a.user_id = c.id
left join wl_article_tag d on a.id = d.article_id 
limit 3 , 5 [ RunTime:0.000000s ]

[ 2015-08-10T19:08:26+08:00 ] 127.0.0.1 /randomArticle
INFO: [ app_begin ] --START--
INFO: ReadHtmlCache Behavior ::run [ RunTime:0.001000s ]
INFO: [ app_begin ] --END-- [ RunTime:0.001000s ]
NOTIC: [8192] mysql_connect(): The mysql extension is deprecated and will be removed in the future: use mysqli or PDO instead E:\huasuhui\GRProject\blog\ThinkPHP\Lib\Driver\Db\DbMysql.class.php 第 55 行.
SQL: SHOW COLUMNS FROM `wl_article` [ RunTime:0.003001s ]
NOTIC: [8192] preg_replace(): The /e modifier is deprecated, use preg_replace_callback instead E:\huasuhui\GRProject\blog\ThinkPHP\Lib\Core\Db.class.php 第 605 行.
SQL: SELECT COUNT(*) AS tp_count FROM `wl_article` LIMIT 1   [ RunTime:0.000000s ]
SQL: select a.id, a.title, a.create_date, b.name as catename, c.nickname, d.tag_name
from wl_article a
left join wl_cate b on a.cid = b.id
left join wl_user c on a.user_id = c.id
left join wl_article_tag d on a.id = d.article_id 
limit 3 , 5 [ RunTime:0.001000s ]

[ 2015-08-10T19:08:26+08:00 ] 127.0.0.1 /randomArticle
INFO: [ app_begin ] --START--
INFO: ReadHtmlCache Behavior ::run [ RunTime:0.001001s ]
INFO: [ app_begin ] --END-- [ RunTime:0.001001s ]
NOTIC: [8192] mysql_connect(): The mysql extension is deprecated and will be removed in the future: use mysqli or PDO instead E:\huasuhui\GRProject\blog\ThinkPHP\Lib\Driver\Db\DbMysql.class.php 第 55 行.
SQL: SHOW COLUMNS FROM `wl_article` [ RunTime:0.004000s ]
NOTIC: [8192] preg_replace(): The /e modifier is deprecated, use preg_replace_callback instead E:\huasuhui\GRProject\blog\ThinkPHP\Lib\Core\Db.class.php 第 605 行.
SQL: SELECT COUNT(*) AS tp_count FROM `wl_article` LIMIT 1   [ RunTime:0.000000s ]
SQL: select a.id, a.title, a.create_date, b.name as catename, c.nickname, d.tag_name
from wl_article a
left join wl_cate b on a.cid = b.id
left join wl_user c on a.user_id = c.id
left join wl_article_tag d on a.id = d.article_id 
limit 8 , 5 [ RunTime:0.000000s ]

[ 2015-08-10T19:31:52+08:00 ] 127.0.0.1 /randomArticle
INFO: [ app_begin ] --START--
INFO: ReadHtmlCache Behavior ::run [ RunTime:0.001000s ]
INFO: [ app_begin ] --END-- [ RunTime:0.001000s ]
NOTIC: [8192] mysql_connect(): The mysql extension is deprecated and will be removed in the future: use mysqli or PDO instead E:\huasuhui\GRProject\blog\ThinkPHP\Lib\Driver\Db\DbMysql.class.php 第 55 行.
SQL: SHOW COLUMNS FROM `wl_article` [ RunTime:0.003000s ]
NOTIC: [8192] preg_replace(): The /e modifier is deprecated, use preg_replace_callback instead E:\huasuhui\GRProject\blog\ThinkPHP\Lib\Core\Db.class.php 第 605 行.
SQL: SELECT COUNT(*) AS tp_count FROM `wl_article` LIMIT 1   [ RunTime:0.000000s ]
SQL: select a.id, a.title, a.create_date, b.name as catename, c.nickname, d.tag_name
from wl_article a
left join wl_cate b on a.cid = b.id
left join wl_user c on a.user_id = c.id
left join wl_article_tag d on a.id = d.article_id 
limit 4 , 5 [ RunTime:0.000000s ]

[ 2015-08-10T19:31:53+08:00 ] 127.0.0.1 /randomArticle
INFO: [ app_begin ] --START--
INFO: ReadHtmlCache Behavior ::run [ RunTime:0.001000s ]
INFO: [ app_begin ] --END-- [ RunTime:0.001000s ]
NOTIC: [8192] mysql_connect(): The mysql extension is deprecated and will be removed in the future: use mysqli or PDO instead E:\huasuhui\GRProject\blog\ThinkPHP\Lib\Driver\Db\DbMysql.class.php 第 55 行.
SQL: SHOW COLUMNS FROM `wl_article` [ RunTime:0.003000s ]
NOTIC: [8192] preg_replace(): The /e modifier is deprecated, use preg_replace_callback instead E:\huasuhui\GRProject\blog\ThinkPHP\Lib\Core\Db.class.php 第 605 行.
SQL: SELECT COUNT(*) AS tp_count FROM `wl_article` LIMIT 1   [ RunTime:0.000000s ]
SQL: select a.id, a.title, a.create_date, b.name as catename, c.nickname, d.tag_name
from wl_article a
left join wl_cate b on a.cid = b.id
left join wl_user c on a.user_id = c.id
left join wl_article_tag d on a.id = d.article_id 
limit 1 , 5 [ RunTime:0.000000s ]

[ 2015-08-10T19:32:41+08:00 ] 127.0.0.1 /randomArticle
INFO: [ app_begin ] --START--
INFO: ReadHtmlCache Behavior ::run [ RunTime:0.001000s ]
INFO: [ app_begin ] --END-- [ RunTime:0.001000s ]
NOTIC: [8192] mysql_connect(): The mysql extension is deprecated and will be removed in the future: use mysqli or PDO instead E:\huasuhui\GRProject\blog\ThinkPHP\Lib\Driver\Db\DbMysql.class.php 第 55 行.
SQL: SHOW COLUMNS FROM `wl_article` [ RunTime:0.003001s ]
NOTIC: [8192] preg_replace(): The /e modifier is deprecated, use preg_replace_callback instead E:\huasuhui\GRProject\blog\ThinkPHP\Lib\Core\Db.class.php 第 605 行.
SQL: SELECT COUNT(*) AS tp_count FROM `wl_article` LIMIT 1   [ RunTime:0.001000s ]
SQL: select a.id, a.title, a.create_date, b.name as catename, c.nickname, d.tag_name
from wl_article a
left join wl_cate b on a.cid = b.id
left join wl_user c on a.user_id = c.id
left join wl_article_tag d on a.id = d.article_id 
limit 0 , 5 [ RunTime:0.000000s ]

[ 2015-08-10T19:32:51+08:00 ] 127.0.0.1 /randomArticle
INFO: [ app_begin ] --START--
INFO: ReadHtmlCache Behavior ::run [ RunTime:0.001000s ]
INFO: [ app_begin ] --END-- [ RunTime:0.001000s ]
NOTIC: [8192] mysql_connect(): The mysql extension is deprecated and will be removed in the future: use mysqli or PDO instead E:\huasuhui\GRProject\blog\ThinkPHP\Lib\Driver\Db\DbMysql.class.php 第 55 行.
SQL: SHOW COLUMNS FROM `wl_article` [ RunTime:0.003001s ]
NOTIC: [8192] preg_replace(): The /e modifier is deprecated, use preg_replace_callback instead E:\huasuhui\GRProject\blog\ThinkPHP\Lib\Core\Db.class.php 第 605 行.
SQL: SELECT COUNT(*) AS tp_count FROM `wl_article` LIMIT 1   [ RunTime:0.000000s ]
SQL: select a.id, a.title, a.create_date, b.name as catename, c.nickname, d.tag_name
from wl_article a
left join wl_cate b on a.cid = b.id
left join wl_user c on a.user_id = c.id
left join wl_article_tag d on a.id = d.article_id 
limit 1 , 5 [ RunTime:0.001000s ]

