[ 2015-08-14T17:15:14+08:00 ] 127.0.0.1 /randomArticle
INFO: [ app_begin ] --START--
INFO: ReadHtmlCache Behavior ::run [ RunTime:0.001000s ]
INFO: [ app_begin ] --END-- [ RunTime:0.001000s ]
NOTIC: [8192] mysql_connect(): The mysql extension is deprecated and will be removed in the future: use mysqli or PDO instead E:\huasuhui\GRProject\blog\ThinkPHP\Lib\Driver\Db\DbMysql.class.php 第 55 行.
SQL: SHOW COLUMNS FROM `wl_article` [ RunTime:0.004000s ]
NOTIC: [8192] preg_replace(): The /e modifier is deprecated, use preg_replace_callback instead E:\huasuhui\GRProject\blog\ThinkPHP\Lib\Core\Db.class.php 第 605 行.
SQL: SELECT COUNT(*) AS tp_count FROM `wl_article` LIMIT 1   [ RunTime:0.001000s ]
SQL: select a.id, a.title, a.create_date, b.name as catename, c.nickname, d.tag_name
from wl_article a
left join wl_cate b on a.cid = b.id
left join wl_user c on a.user_id = c.id
left join wl_article_tag d on a.id = d.article_id 
limit 22 , 5 [ RunTime:0.000000s ]

[ 2015-08-14T17:15:37+08:00 ] 127.0.0.1 /randomArticle
INFO: [ app_begin ] --START--
INFO: ReadHtmlCache Behavior ::run [ RunTime:0.001000s ]
INFO: [ app_begin ] --END-- [ RunTime:0.001000s ]
NOTIC: [8192] mysql_connect(): The mysql extension is deprecated and will be removed in the future: use mysqli or PDO instead E:\huasuhui\GRProject\blog\ThinkPHP\Lib\Driver\Db\DbMysql.class.php 第 55 行.
SQL: SHOW COLUMNS FROM `wl_article` [ RunTime:0.003000s ]
NOTIC: [8192] preg_replace(): The /e modifier is deprecated, use preg_replace_callback instead E:\huasuhui\GRProject\blog\ThinkPHP\Lib\Core\Db.class.php 第 605 行.
SQL: SELECT COUNT(*) AS tp_count FROM `wl_article` LIMIT 1   [ RunTime:0.000000s ]
SQL: select a.id, a.title, a.create_date, b.name as catename, c.nickname, d.tag_name
from wl_article a
left join wl_cate b on a.cid = b.id
left join wl_user c on a.user_id = c.id
left join wl_article_tag d on a.id = d.article_id 
limit 1 , 5 [ RunTime:0.001000s ]

[ 2015-08-14T17:16:00+08:00 ] 127.0.0.1 /randomArticle
INFO: [ app_begin ] --START--
INFO: ReadHtmlCache Behavior ::run [ RunTime:0.000000s ]
INFO: [ app_begin ] --END-- [ RunTime:0.000000s ]
NOTIC: [8192] mysql_connect(): The mysql extension is deprecated and will be removed in the future: use mysqli or PDO instead E:\huasuhui\GRProject\blog\ThinkPHP\Lib\Driver\Db\DbMysql.class.php 第 55 行.
SQL: SHOW COLUMNS FROM `wl_article` [ RunTime:0.003000s ]
NOTIC: [8192] preg_replace(): The /e modifier is deprecated, use preg_replace_callback instead E:\huasuhui\GRProject\blog\ThinkPHP\Lib\Core\Db.class.php 第 605 行.
SQL: SELECT COUNT(*) AS tp_count FROM `wl_article` LIMIT 1   [ RunTime:0.000000s ]
SQL: select a.id, a.title, a.create_date, b.name as catename, c.nickname, d.tag_name
from wl_article a
left join wl_cate b on a.cid = b.id
left join wl_user c on a.user_id = c.id
left join wl_article_tag d on a.id = d.article_id 
limit 19 , 5 [ RunTime:0.001000s ]

[ 2015-08-14T17:16:00+08:00 ] 127.0.0.1 /randomArticle
INFO: [ app_begin ] --START--
INFO: ReadHtmlCache Behavior ::run [ RunTime:0.001000s ]
INFO: [ app_begin ] --END-- [ RunTime:0.001000s ]
NOTIC: [8192] mysql_connect(): The mysql extension is deprecated and will be removed in the future: use mysqli or PDO instead E:\huasuhui\GRProject\blog\ThinkPHP\Lib\Driver\Db\DbMysql.class.php 第 55 行.
SQL: SHOW COLUMNS FROM `wl_article` [ RunTime:0.004000s ]
NOTIC: [8192] preg_replace(): The /e modifier is deprecated, use preg_replace_callback instead E:\huasuhui\GRProject\blog\ThinkPHP\Lib\Core\Db.class.php 第 605 行.
SQL: SELECT COUNT(*) AS tp_count FROM `wl_article` LIMIT 1   [ RunTime:0.001000s ]
SQL: select a.id, a.title, a.create_date, b.name as catename, c.nickname, d.tag_name
from wl_article a
left join wl_cate b on a.cid = b.id
left join wl_user c on a.user_id = c.id
left join wl_article_tag d on a.id = d.article_id 
limit 5 , 5 [ RunTime:0.000000s ]

[ 2015-08-14T17:16:05+08:00 ] 127.0.0.1 /randomArticle
INFO: [ app_begin ] --START--
INFO: ReadHtmlCache Behavior ::run [ RunTime:0.001000s ]
INFO: [ app_begin ] --END-- [ RunTime:0.001000s ]
NOTIC: [8192] mysql_connect(): The mysql extension is deprecated and will be removed in the future: use mysqli or PDO instead E:\huasuhui\GRProject\blog\ThinkPHP\Lib\Driver\Db\DbMysql.class.php 第 55 行.
SQL: SHOW COLUMNS FROM `wl_article` [ RunTime:0.002001s ]
NOTIC: [8192] preg_replace(): The /e modifier is deprecated, use preg_replace_callback instead E:\huasuhui\GRProject\blog\ThinkPHP\Lib\Core\Db.class.php 第 605 行.
SQL: SELECT COUNT(*) AS tp_count FROM `wl_article` LIMIT 1   [ RunTime:0.000000s ]
SQL: select a.id, a.title, a.create_date, b.name as catename, c.nickname, d.tag_name
from wl_article a
left join wl_cate b on a.cid = b.id
left join wl_user c on a.user_id = c.id
left join wl_article_tag d on a.id = d.article_id 
limit 15 , 5 [ RunTime:0.001000s ]

[ 2015-08-14T17:16:09+08:00 ] 127.0.0.1 /randomArticle
INFO: [ app_begin ] --START--
INFO: ReadHtmlCache Behavior ::run [ RunTime:0.000000s ]
INFO: [ app_begin ] --END-- [ RunTime:0.001001s ]
NOTIC: [8192] mysql_connect(): The mysql extension is deprecated and will be removed in the future: use mysqli or PDO instead E:\huasuhui\GRProject\blog\ThinkPHP\Lib\Driver\Db\DbMysql.class.php 第 55 行.
SQL: SHOW COLUMNS FROM `wl_article` [ RunTime:0.002001s ]
NOTIC: [8192] preg_replace(): The /e modifier is deprecated, use preg_replace_callback instead E:\huasuhui\GRProject\blog\ThinkPHP\Lib\Core\Db.class.php 第 605 行.
SQL: SELECT COUNT(*) AS tp_count FROM `wl_article` LIMIT 1   [ RunTime:0.000000s ]
SQL: select a.id, a.title, a.create_date, b.name as catename, c.nickname, d.tag_name
from wl_article a
left join wl_cate b on a.cid = b.id
left join wl_user c on a.user_id = c.id
left join wl_article_tag d on a.id = d.article_id 
limit 15 , 5 [ RunTime:0.001000s ]

[ 2015-08-14T17:16:15+08:00 ] 127.0.0.1 /randomArticle
INFO: [ app_begin ] --START--
INFO: ReadHtmlCache Behavior ::run [ RunTime:0.001000s ]
INFO: [ app_begin ] --END-- [ RunTime:0.001000s ]
NOTIC: [8192] mysql_connect(): The mysql extension is deprecated and will be removed in the future: use mysqli or PDO instead E:\huasuhui\GRProject\blog\ThinkPHP\Lib\Driver\Db\DbMysql.class.php 第 55 行.
SQL: SHOW COLUMNS FROM `wl_article` [ RunTime:0.003000s ]
NOTIC: [8192] preg_replace(): The /e modifier is deprecated, use preg_replace_callback instead E:\huasuhui\GRProject\blog\ThinkPHP\Lib\Core\Db.class.php 第 605 行.
SQL: SELECT COUNT(*) AS tp_count FROM `wl_article` LIMIT 1   [ RunTime:0.000000s ]
SQL: select a.id, a.title, a.create_date, b.name as catename, c.nickname, d.tag_name
from wl_article a
left join wl_cate b on a.cid = b.id
left join wl_user c on a.user_id = c.id
left join wl_article_tag d on a.id = d.article_id 
limit 22 , 5 [ RunTime:0.001000s ]

[ 2015-08-14T17:16:15+08:00 ] 127.0.0.1 /randomArticle
INFO: [ app_begin ] --START--
INFO: ReadHtmlCache Behavior ::run [ RunTime:0.002000s ]
INFO: [ app_begin ] --END-- [ RunTime:0.002000s ]
NOTIC: [8192] mysql_connect(): The mysql extension is deprecated and will be removed in the future: use mysqli or PDO instead E:\huasuhui\GRProject\blog\ThinkPHP\Lib\Driver\Db\DbMysql.class.php 第 55 行.
SQL: SHOW COLUMNS FROM `wl_article` [ RunTime:0.003000s ]
NOTIC: [8192] preg_replace(): The /e modifier is deprecated, use preg_replace_callback instead E:\huasuhui\GRProject\blog\ThinkPHP\Lib\Core\Db.class.php 第 605 行.
SQL: SELECT COUNT(*) AS tp_count FROM `wl_article` LIMIT 1   [ RunTime:0.000000s ]
SQL: select a.id, a.title, a.create_date, b.name as catename, c.nickname, d.tag_name
from wl_article a
left join wl_cate b on a.cid = b.id
left join wl_user c on a.user_id = c.id
left join wl_article_tag d on a.id = d.article_id 
limit 17 , 5 [ RunTime:0.000000s ]

[ 2015-08-14T17:16:16+08:00 ] 127.0.0.1 /randomArticle
INFO: [ app_begin ] --START--
INFO: ReadHtmlCache Behavior ::run [ RunTime:0.001000s ]
INFO: [ app_begin ] --END-- [ RunTime:0.001000s ]
NOTIC: [8192] mysql_connect(): The mysql extension is deprecated and will be removed in the future: use mysqli or PDO instead E:\huasuhui\GRProject\blog\ThinkPHP\Lib\Driver\Db\DbMysql.class.php 第 55 行.
SQL: SHOW COLUMNS FROM `wl_article` [ RunTime:0.004001s ]
NOTIC: [8192] preg_replace(): The /e modifier is deprecated, use preg_replace_callback instead E:\huasuhui\GRProject\blog\ThinkPHP\Lib\Core\Db.class.php 第 605 行.
SQL: SELECT COUNT(*) AS tp_count FROM `wl_article` LIMIT 1   [ RunTime:0.000000s ]
SQL: select a.id, a.title, a.create_date, b.name as catename, c.nickname, d.tag_name
from wl_article a
left join wl_cate b on a.cid = b.id
left join wl_user c on a.user_id = c.id
left join wl_article_tag d on a.id = d.article_id 
limit 21 , 5 [ RunTime:0.001000s ]

[ 2015-08-14T17:16:17+08:00 ] 127.0.0.1 /randomArticle
INFO: [ app_begin ] --START--
INFO: ReadHtmlCache Behavior ::run [ RunTime:0.001000s ]
INFO: [ app_begin ] --END-- [ RunTime:0.001000s ]
NOTIC: [8192] mysql_connect(): The mysql extension is deprecated and will be removed in the future: use mysqli or PDO instead E:\huasuhui\GRProject\blog\ThinkPHP\Lib\Driver\Db\DbMysql.class.php 第 55 行.
SQL: SHOW COLUMNS FROM `wl_article` [ RunTime:0.003000s ]
NOTIC: [8192] preg_replace(): The /e modifier is deprecated, use preg_replace_callback instead E:\huasuhui\GRProject\blog\ThinkPHP\Lib\Core\Db.class.php 第 605 行.
SQL: SELECT COUNT(*) AS tp_count FROM `wl_article` LIMIT 1   [ RunTime:0.000000s ]
SQL: select a.id, a.title, a.create_date, b.name as catename, c.nickname, d.tag_name
from wl_article a
left join wl_cate b on a.cid = b.id
left join wl_user c on a.user_id = c.id
left join wl_article_tag d on a.id = d.article_id 
limit 19 , 5 [ RunTime:0.001000s ]

[ 2015-08-14T17:16:22+08:00 ] 127.0.0.1 /randomArticle
INFO: [ app_begin ] --START--
INFO: ReadHtmlCache Behavior ::run [ RunTime:0.000000s ]
INFO: [ app_begin ] --END-- [ RunTime:0.000000s ]
NOTIC: [8192] mysql_connect(): The mysql extension is deprecated and will be removed in the future: use mysqli or PDO instead E:\huasuhui\GRProject\blog\ThinkPHP\Lib\Driver\Db\DbMysql.class.php 第 55 行.
SQL: SHOW COLUMNS FROM `wl_article` [ RunTime:0.003001s ]
NOTIC: [8192] preg_replace(): The /e modifier is deprecated, use preg_replace_callback instead E:\huasuhui\GRProject\blog\ThinkPHP\Lib\Core\Db.class.php 第 605 行.
SQL: SELECT COUNT(*) AS tp_count FROM `wl_article` LIMIT 1   [ RunTime:0.000000s ]
SQL: select a.id, a.title, a.create_date, b.name as catename, c.nickname, d.tag_name
from wl_article a
left join wl_cate b on a.cid = b.id
left join wl_user c on a.user_id = c.id
left join wl_article_tag d on a.id = d.article_id 
limit 6 , 5 [ RunTime:0.000000s ]

[ 2015-08-14T17:16:23+08:00 ] 127.0.0.1 /randomArticle
INFO: [ app_begin ] --START--
INFO: ReadHtmlCache Behavior ::run [ RunTime:0.001000s ]
INFO: [ app_begin ] --END-- [ RunTime:0.001000s ]
NOTIC: [8192] mysql_connect(): The mysql extension is deprecated and will be removed in the future: use mysqli or PDO instead E:\huasuhui\GRProject\blog\ThinkPHP\Lib\Driver\Db\DbMysql.class.php 第 55 行.
SQL: SHOW COLUMNS FROM `wl_article` [ RunTime:0.003000s ]
NOTIC: [8192] preg_replace(): The /e modifier is deprecated, use preg_replace_callback instead E:\huasuhui\GRProject\blog\ThinkPHP\Lib\Core\Db.class.php 第 605 行.
SQL: SELECT COUNT(*) AS tp_count FROM `wl_article` LIMIT 1   [ RunTime:0.000000s ]
SQL: select a.id, a.title, a.create_date, b.name as catename, c.nickname, d.tag_name
from wl_article a
left join wl_cate b on a.cid = b.id
left join wl_user c on a.user_id = c.id
left join wl_article_tag d on a.id = d.article_id 
limit 25 , 5 [ RunTime:0.000000s ]

[ 2015-08-14T17:16:43+08:00 ] 127.0.0.1 /randomArticle
INFO: [ app_begin ] --START--
INFO: ReadHtmlCache Behavior ::run [ RunTime:0.001000s ]
INFO: [ app_begin ] --END-- [ RunTime:0.001000s ]
NOTIC: [8192] mysql_connect(): The mysql extension is deprecated and will be removed in the future: use mysqli or PDO instead E:\huasuhui\GRProject\blog\ThinkPHP\Lib\Driver\Db\DbMysql.class.php 第 55 行.
SQL: SHOW COLUMNS FROM `wl_article` [ RunTime:0.004000s ]
NOTIC: [8192] preg_replace(): The /e modifier is deprecated, use preg_replace_callback instead E:\huasuhui\GRProject\blog\ThinkPHP\Lib\Core\Db.class.php 第 605 行.
SQL: SELECT COUNT(*) AS tp_count FROM `wl_article` LIMIT 1   [ RunTime:0.000000s ]
SQL: select a.id, a.title, a.create_date, b.name as catename, c.nickname, d.tag_name
from wl_article a
left join wl_cate b on a.cid = b.id
left join wl_user c on a.user_id = c.id
left join wl_article_tag d on a.id = d.article_id 
limit 7 , 5 [ RunTime:0.000000s ]

[ 2015-08-14T17:16:49+08:00 ] 127.0.0.1 /randomArticle
INFO: [ app_begin ] --START--
INFO: ReadHtmlCache Behavior ::run [ RunTime:0.000000s ]
INFO: [ app_begin ] --END-- [ RunTime:0.001000s ]
NOTIC: [8192] mysql_connect(): The mysql extension is deprecated and will be removed in the future: use mysqli or PDO instead E:\huasuhui\GRProject\blog\ThinkPHP\Lib\Driver\Db\DbMysql.class.php 第 55 行.
SQL: SHOW COLUMNS FROM `wl_article` [ RunTime:0.003000s ]
NOTIC: [8192] preg_replace(): The /e modifier is deprecated, use preg_replace_callback instead E:\huasuhui\GRProject\blog\ThinkPHP\Lib\Core\Db.class.php 第 605 行.
SQL: SELECT COUNT(*) AS tp_count FROM `wl_article` LIMIT 1   [ RunTime:0.001000s ]
SQL: select a.id, a.title, a.create_date, b.name as catename, c.nickname, d.tag_name
from wl_article a
left join wl_cate b on a.cid = b.id
left join wl_user c on a.user_id = c.id
left join wl_article_tag d on a.id = d.article_id 
limit 0 , 5 [ RunTime:0.000000s ]

[ 2015-08-14T17:16:49+08:00 ] 127.0.0.1 /randomArticle
INFO: [ app_begin ] --START--
INFO: ReadHtmlCache Behavior ::run [ RunTime:0.000000s ]
INFO: [ app_begin ] --END-- [ RunTime:0.000000s ]
NOTIC: [8192] mysql_connect(): The mysql extension is deprecated and will be removed in the future: use mysqli or PDO instead E:\huasuhui\GRProject\blog\ThinkPHP\Lib\Driver\Db\DbMysql.class.php 第 55 行.
SQL: SHOW COLUMNS FROM `wl_article` [ RunTime:0.003000s ]
NOTIC: [8192] preg_replace(): The /e modifier is deprecated, use preg_replace_callback instead E:\huasuhui\GRProject\blog\ThinkPHP\Lib\Core\Db.class.php 第 605 行.
SQL: SELECT COUNT(*) AS tp_count FROM `wl_article` LIMIT 1   [ RunTime:0.000000s ]
SQL: select a.id, a.title, a.create_date, b.name as catename, c.nickname, d.tag_name
from wl_article a
left join wl_cate b on a.cid = b.id
left join wl_user c on a.user_id = c.id
left join wl_article_tag d on a.id = d.article_id 
limit 23 , 5 [ RunTime:0.001000s ]

[ 2015-08-14T17:18:01+08:00 ] 127.0.0.1 /randomArticle
INFO: [ app_begin ] --START--
INFO: ReadHtmlCache Behavior ::run [ RunTime:0.000000s ]
INFO: [ app_begin ] --END-- [ RunTime:0.000000s ]
NOTIC: [8192] mysql_connect(): The mysql extension is deprecated and will be removed in the future: use mysqli or PDO instead E:\huasuhui\GRProject\blog\ThinkPHP\Lib\Driver\Db\DbMysql.class.php 第 55 行.
SQL: SHOW COLUMNS FROM `wl_article` [ RunTime:0.002000s ]
NOTIC: [8192] preg_replace(): The /e modifier is deprecated, use preg_replace_callback instead E:\huasuhui\GRProject\blog\ThinkPHP\Lib\Core\Db.class.php 第 605 行.
SQL: SELECT COUNT(*) AS tp_count FROM `wl_article` LIMIT 1   [ RunTime:0.000000s ]
SQL: select a.id, a.title, a.create_date, b.name as catename, c.nickname, d.tag_name
from wl_article a
left join wl_cate b on a.cid = b.id
left join wl_user c on a.user_id = c.id
left join wl_article_tag d on a.id = d.article_id 
limit 21 , 5 [ RunTime:0.001000s ]

[ 2015-08-14T17:18:02+08:00 ] 127.0.0.1 /randomArticle
INFO: [ app_begin ] --START--
INFO: ReadHtmlCache Behavior ::run [ RunTime:0.001000s ]
INFO: [ app_begin ] --END-- [ RunTime:0.001000s ]
NOTIC: [8192] mysql_connect(): The mysql extension is deprecated and will be removed in the future: use mysqli or PDO instead E:\huasuhui\GRProject\blog\ThinkPHP\Lib\Driver\Db\DbMysql.class.php 第 55 行.
SQL: SHOW COLUMNS FROM `wl_article` [ RunTime:0.004001s ]
NOTIC: [8192] preg_replace(): The /e modifier is deprecated, use preg_replace_callback instead E:\huasuhui\GRProject\blog\ThinkPHP\Lib\Core\Db.class.php 第 605 行.
SQL: SELECT COUNT(*) AS tp_count FROM `wl_article` LIMIT 1   [ RunTime:0.000000s ]
SQL: select a.id, a.title, a.create_date, b.name as catename, c.nickname, d.tag_name
from wl_article a
left join wl_cate b on a.cid = b.id
left join wl_user c on a.user_id = c.id
left join wl_article_tag d on a.id = d.article_id 
limit 11 , 5 [ RunTime:0.001000s ]

[ 2015-08-14T17:18:02+08:00 ] 127.0.0.1 /randomArticle
INFO: [ app_begin ] --START--
INFO: ReadHtmlCache Behavior ::run [ RunTime:0.000000s ]
INFO: [ app_begin ] --END-- [ RunTime:0.000000s ]
NOTIC: [8192] mysql_connect(): The mysql extension is deprecated and will be removed in the future: use mysqli or PDO instead E:\huasuhui\GRProject\blog\ThinkPHP\Lib\Driver\Db\DbMysql.class.php 第 55 行.
SQL: SHOW COLUMNS FROM `wl_article` [ RunTime:0.004000s ]
NOTIC: [8192] preg_replace(): The /e modifier is deprecated, use preg_replace_callback instead E:\huasuhui\GRProject\blog\ThinkPHP\Lib\Core\Db.class.php 第 605 行.
SQL: SELECT COUNT(*) AS tp_count FROM `wl_article` LIMIT 1   [ RunTime:0.000000s ]
SQL: select a.id, a.title, a.create_date, b.name as catename, c.nickname, d.tag_name
from wl_article a
left join wl_cate b on a.cid = b.id
left join wl_user c on a.user_id = c.id
left join wl_article_tag d on a.id = d.article_id 
limit 3 , 5 [ RunTime:0.000000s ]

[ 2015-08-14T17:18:03+08:00 ] 127.0.0.1 /randomArticle
INFO: [ app_begin ] --START--
INFO: ReadHtmlCache Behavior ::run [ RunTime:0.000000s ]
INFO: [ app_begin ] --END-- [ RunTime:0.000000s ]
NOTIC: [8192] mysql_connect(): The mysql extension is deprecated and will be removed in the future: use mysqli or PDO instead E:\huasuhui\GRProject\blog\ThinkPHP\Lib\Driver\Db\DbMysql.class.php 第 55 行.
SQL: SHOW COLUMNS FROM `wl_article` [ RunTime:0.004001s ]
NOTIC: [8192] preg_replace(): The /e modifier is deprecated, use preg_replace_callback instead E:\huasuhui\GRProject\blog\ThinkPHP\Lib\Core\Db.class.php 第 605 行.
SQL: SELECT COUNT(*) AS tp_count FROM `wl_article` LIMIT 1   [ RunTime:0.001000s ]
SQL: select a.id, a.title, a.create_date, b.name as catename, c.nickname, d.tag_name
from wl_article a
left join wl_cate b on a.cid = b.id
left join wl_user c on a.user_id = c.id
left join wl_article_tag d on a.id = d.article_id 
limit 18 , 5 [ RunTime:0.000000s ]

[ 2015-08-14T17:18:03+08:00 ] 127.0.0.1 /randomArticle
INFO: [ app_begin ] --START--
INFO: ReadHtmlCache Behavior ::run [ RunTime:0.001000s ]
INFO: [ app_begin ] --END-- [ RunTime:0.001000s ]
NOTIC: [8192] mysql_connect(): The mysql extension is deprecated and will be removed in the future: use mysqli or PDO instead E:\huasuhui\GRProject\blog\ThinkPHP\Lib\Driver\Db\DbMysql.class.php 第 55 行.
SQL: SHOW COLUMNS FROM `wl_article` [ RunTime:0.004001s ]
NOTIC: [8192] preg_replace(): The /e modifier is deprecated, use preg_replace_callback instead E:\huasuhui\GRProject\blog\ThinkPHP\Lib\Core\Db.class.php 第 605 行.
SQL: SELECT COUNT(*) AS tp_count FROM `wl_article` LIMIT 1   [ RunTime:0.001000s ]
SQL: select a.id, a.title, a.create_date, b.name as catename, c.nickname, d.tag_name
from wl_article a
left join wl_cate b on a.cid = b.id
left join wl_user c on a.user_id = c.id
left join wl_article_tag d on a.id = d.article_id 
limit 12 , 5 [ RunTime:0.000000s ]

[ 2015-08-14T17:18:04+08:00 ] 127.0.0.1 /randomArticle
INFO: [ app_begin ] --START--
INFO: ReadHtmlCache Behavior ::run [ RunTime:0.001000s ]
INFO: [ app_begin ] --END-- [ RunTime:0.001000s ]
NOTIC: [8192] mysql_connect(): The mysql extension is deprecated and will be removed in the future: use mysqli or PDO instead E:\huasuhui\GRProject\blog\ThinkPHP\Lib\Driver\Db\DbMysql.class.php 第 55 行.
SQL: SHOW COLUMNS FROM `wl_article` [ RunTime:0.003001s ]
NOTIC: [8192] preg_replace(): The /e modifier is deprecated, use preg_replace_callback instead E:\huasuhui\GRProject\blog\ThinkPHP\Lib\Core\Db.class.php 第 605 行.
SQL: SELECT COUNT(*) AS tp_count FROM `wl_article` LIMIT 1   [ RunTime:0.000000s ]
SQL: select a.id, a.title, a.create_date, b.name as catename, c.nickname, d.tag_name
from wl_article a
left join wl_cate b on a.cid = b.id
left join wl_user c on a.user_id = c.id
left join wl_article_tag d on a.id = d.article_id 
limit 4 , 5 [ RunTime:0.000000s ]

[ 2015-08-14T17:18:05+08:00 ] 127.0.0.1 /randomArticle
INFO: [ app_begin ] --START--
INFO: ReadHtmlCache Behavior ::run [ RunTime:0.000000s ]
INFO: [ app_begin ] --END-- [ RunTime:0.000000s ]
NOTIC: [8192] mysql_connect(): The mysql extension is deprecated and will be removed in the future: use mysqli or PDO instead E:\huasuhui\GRProject\blog\ThinkPHP\Lib\Driver\Db\DbMysql.class.php 第 55 行.
SQL: SHOW COLUMNS FROM `wl_article` [ RunTime:0.003000s ]
NOTIC: [8192] preg_replace(): The /e modifier is deprecated, use preg_replace_callback instead E:\huasuhui\GRProject\blog\ThinkPHP\Lib\Core\Db.class.php 第 605 行.
SQL: SELECT COUNT(*) AS tp_count FROM `wl_article` LIMIT 1   [ RunTime:0.000000s ]
SQL: select a.id, a.title, a.create_date, b.name as catename, c.nickname, d.tag_name
from wl_article a
left join wl_cate b on a.cid = b.id
left join wl_user c on a.user_id = c.id
left join wl_article_tag d on a.id = d.article_id 
limit 6 , 5 [ RunTime:0.000000s ]

[ 2015-08-14T17:18:05+08:00 ] 127.0.0.1 /randomArticle
INFO: [ app_begin ] --START--
INFO: ReadHtmlCache Behavior ::run [ RunTime:0.001000s ]
INFO: [ app_begin ] --END-- [ RunTime:0.001000s ]
NOTIC: [8192] mysql_connect(): The mysql extension is deprecated and will be removed in the future: use mysqli or PDO instead E:\huasuhui\GRProject\blog\ThinkPHP\Lib\Driver\Db\DbMysql.class.php 第 55 行.
SQL: SHOW COLUMNS FROM `wl_article` [ RunTime:0.003000s ]
NOTIC: [8192] preg_replace(): The /e modifier is deprecated, use preg_replace_callback instead E:\huasuhui\GRProject\blog\ThinkPHP\Lib\Core\Db.class.php 第 605 行.
SQL: SELECT COUNT(*) AS tp_count FROM `wl_article` LIMIT 1   [ RunTime:0.001000s ]
SQL: select a.id, a.title, a.create_date, b.name as catename, c.nickname, d.tag_name
from wl_article a
left join wl_cate b on a.cid = b.id
left join wl_user c on a.user_id = c.id
left join wl_article_tag d on a.id = d.article_id 
limit 6 , 5 [ RunTime:0.001000s ]

[ 2015-08-14T17:18:07+08:00 ] 127.0.0.1 /randomArticle
INFO: [ app_begin ] --START--
INFO: ReadHtmlCache Behavior ::run [ RunTime:0.000000s ]
INFO: [ app_begin ] --END-- [ RunTime:0.000000s ]
NOTIC: [8192] mysql_connect(): The mysql extension is deprecated and will be removed in the future: use mysqli or PDO instead E:\huasuhui\GRProject\blog\ThinkPHP\Lib\Driver\Db\DbMysql.class.php 第 55 行.
SQL: SHOW COLUMNS FROM `wl_article` [ RunTime:0.003001s ]
NOTIC: [8192] preg_replace(): The /e modifier is deprecated, use preg_replace_callback instead E:\huasuhui\GRProject\blog\ThinkPHP\Lib\Core\Db.class.php 第 605 行.
SQL: SELECT COUNT(*) AS tp_count FROM `wl_article` LIMIT 1   [ RunTime:0.001000s ]
SQL: select a.id, a.title, a.create_date, b.name as catename, c.nickname, d.tag_name
from wl_article a
left join wl_cate b on a.cid = b.id
left join wl_user c on a.user_id = c.id
left join wl_article_tag d on a.id = d.article_id 
limit 17 , 5 [ RunTime:0.000000s ]

[ 2015-08-14T17:18:42+08:00 ] 127.0.0.1 /randomArticle
INFO: [ app_begin ] --START--
INFO: ReadHtmlCache Behavior ::run [ RunTime:0.001000s ]
INFO: [ app_begin ] --END-- [ RunTime:0.001000s ]
NOTIC: [8192] mysql_connect(): The mysql extension is deprecated and will be removed in the future: use mysqli or PDO instead E:\huasuhui\GRProject\blog\ThinkPHP\Lib\Driver\Db\DbMysql.class.php 第 55 行.
SQL: SHOW COLUMNS FROM `wl_article` [ RunTime:0.003000s ]
NOTIC: [8192] preg_replace(): The /e modifier is deprecated, use preg_replace_callback instead E:\huasuhui\GRProject\blog\ThinkPHP\Lib\Core\Db.class.php 第 605 行.
SQL: SELECT COUNT(*) AS tp_count FROM `wl_article` LIMIT 1   [ RunTime:0.000000s ]
SQL: select a.id, a.title, a.create_date, b.name as catename, c.nickname, d.tag_name
from wl_article a
left join wl_cate b on a.cid = b.id
left join wl_user c on a.user_id = c.id
left join wl_article_tag d on a.id = d.article_id 
limit 7 , 5 [ RunTime:0.000000s ]

